29-10-2020 16:22:33.780 INFO  com.mrd.App.logStarting - Starting App on DESKTOP-2U9UF8V with PID 23096 (E:\2.LEARN\ProjectExam\ProjectExam\target\classes started by Admin in E:\2.LEARN\ProjectExam\ProjectExam)
29-10-2020 16:22:33.784 INFO  com.mrd.App.logStartupProfileInfo - No active profile set, falling back to default profiles: default
29-10-2020 16:22:35.151 INFO  com.mrd.App.logStarted - Started App in 1.73 seconds (JVM running for 2.026)
29-10-2020 16:22:35.153 INFO  com.mrd.App.main - Connection lost because: 
29-10-2020 16:22:35.154 INFO  com.mrd.App.main - Connection lost because: 
29-10-2020 16:23:42.079 INFO  com.mrd.controller.UserController.getByUsername - username[mrd1]
29-10-2020 16:23:42.080 ERROR com.mrd.controller.UserController.getByUsername - test loi
29-10-2020 16:23:42.081 ERROR com.mrd.controller.UserController.getByUsername - test loi
29-10-2020 16:23:42.081 ERROR com.mrd.controller.UserController.getByUsername - test loi
29-10-2020 16:23:42.081 ERROR com.mrd.controller.UserController.getByUsername - test loi
29-10-2020 16:23:42.082 ERROR com.mrd.controller.UserController.getByUsername - test loi
29-10-2020 16:23:42.082 ERROR com.mrd.controller.UserController.getByUsername - test loi
29-10-2020 16:23:42.082 ERROR com.mrd.controller.UserController.getByUsername - test loi
29-10-2020 16:23:42.082 ERROR com.mrd.controller.UserController.getByUsername - test loi
29-10-2020 16:23:42.082 ERROR com.mrd.controller.UserController.getByUsername - test loi
29-10-2020 16:23:42.082 ERROR com.mrd.controller.UserController.getByUsername - test loi
29-10-2020 16:23:42.083 ERROR com.mrd.controller.UserController.getByUsername - test loi
29-10-2020 16:23:42.083 ERROR com.mrd.controller.UserController.getByUsername - test loi
29-10-2020 16:23:42.083 ERROR com.mrd.controller.UserController.getByUsername - test loi
29-10-2020 16:23:42.083 ERROR com.mrd.controller.UserController.getByUsername - test loi
29-10-2020 16:23:42.083 ERROR com.mrd.controller.UserController.getByUsername - test loi
29-10-2020 16:23:42.084 ERROR com.mrd.controller.UserController.getByUsername - test loi
29-10-2020 16:23:42.084 ERROR com.mrd.controller.UserController.getByUsername - test loi
29-10-2020 16:23:42.084 ERROR com.mrd.controller.UserController.getByUsername - test loi
29-10-2020 16:23:42.084 ERROR com.mrd.controller.UserController.getByUsername - test loi
29-10-2020 16:23:42.084 ERROR com.mrd.controller.UserController.getByUsername - test loi
29-10-2020 16:23:42.085 ERROR com.mrd.controller.UserController.getByUsername - test loi
29-10-2020 16:23:42.085 ERROR com.mrd.controller.UserController.getByUsername - test loi
29-10-2020 16:23:42.085 ERROR com.mrd.controller.UserController.getByUsername - test loi
29-10-2020 16:23:42.085 ERROR com.mrd.controller.UserController.getByUsername - test loi
29-10-2020 16:23:42.085 ERROR com.mrd.controller.UserController.getByUsername - test loi
29-10-2020 16:23:42.085 ERROR com.mrd.controller.UserController.getByUsername - test loi
29-10-2020 16:23:42.086 ERROR com.mrd.controller.UserController.getByUsername - test loi
29-10-2020 16:23:42.086 ERROR com.mrd.controller.UserController.getByUsername - test loi
29-10-2020 16:23:42.086 ERROR com.mrd.controller.UserController.getByUsername - test loi
29-10-2020 16:23:42.086 ERROR com.mrd.controller.UserController.getByUsername - test loi
29-10-2020 16:23:42.086 ERROR com.mrd.controller.UserController.getByUsername - test loi
29-10-2020 16:23:42.087 ERROR com.mrd.controller.UserController.getByUsername - test loi
29-10-2020 16:23:42.087 ERROR com.mrd.controller.UserController.getByUsername - test loi
29-10-2020 16:23:42.087 ERROR com.mrd.controller.UserController.getByUsername - test loi
29-10-2020 16:23:42.087 ERROR com.mrd.controller.UserController.getByUsername - test loi
29-10-2020 16:23:42.087 ERROR com.mrd.controller.UserController.getByUsername - test loi
29-10-2020 16:23:42.087 ERROR com.mrd.controller.UserController.getByUsername - test loi
29-10-2020 16:23:42.087 ERROR com.mrd.controller.UserController.getByUsername - test loi
29-10-2020 16:23:42.088 ERROR com.mrd.controller.UserController.getByUsername - test loi
29-10-2020 16:23:42.088 ERROR com.mrd.controller.UserController.getByUsername - test loi
29-10-2020 16:23:42.088 ERROR com.mrd.controller.UserController.getByUsername - test loi
29-10-2020 16:23:42.088 ERROR com.mrd.controller.UserController.getByUsername - test loi
29-10-2020 16:23:42.088 ERROR com.mrd.controller.UserController.getByUsername - test loi
29-10-2020 16:23:42.088 ERROR com.mrd.controller.UserController.getByUsername - test loi
29-10-2020 16:23:42.089 ERROR com.mrd.controller.UserController.getByUsername - test loi
29-10-2020 16:23:42.089 ERROR com.mrd.controller.UserController.getByUsername - test loi
29-10-2020 16:23:42.089 ERROR com.mrd.controller.UserController.getByUsername - test loi
29-10-2020 16:23:42.089 ERROR com.mrd.controller.UserController.getByUsername - test loi
29-10-2020 16:23:42.089 ERROR com.mrd.controller.UserController.getByUsername - test loi
29-10-2020 16:23:42.089 ERROR com.mrd.controller.UserController.getByUsername - test loi
29-10-2020 16:23:42.090 ERROR com.mrd.controller.UserController.getByUsername - test loi
29-10-2020 16:23:42.090 ERROR com.mrd.controller.UserController.getByUsername - test loi
29-10-2020 16:23:42.090 ERROR com.mrd.controller.UserController.getByUsername - test loi
29-10-2020 16:23:42.090 ERROR com.mrd.controller.UserController.getByUsername - test loi
29-10-2020 16:23:42.090 ERROR com.mrd.controller.UserController.getByUsername - test loi
29-10-2020 16:23:42.091 ERROR com.mrd.controller.UserController.getByUsername - test loi
29-10-2020 16:23:42.091 ERROR com.mrd.controller.UserController.getByUsername - test loi
29-10-2020 16:23:42.091 ERROR com.mrd.controller.UserController.getByUsername - test loi
29-10-2020 16:23:42.092 ERROR com.mrd.controller.UserController.getByUsername - test loi
29-10-2020 16:23:42.092 ERROR com.mrd.controller.UserController.getByUsername - test loi
29-10-2020 16:23:42.092 ERROR com.mrd.controller.UserController.getByUsername - test loi
29-10-2020 16:23:42.092 ERROR com.mrd.controller.UserController.getByUsername - test loi
29-10-2020 16:23:42.092 ERROR com.mrd.controller.UserController.getByUsername - test loi
29-10-2020 16:23:42.092 ERROR com.mrd.controller.UserController.getByUsername - test loi
29-10-2020 16:23:42.093 ERROR com.mrd.controller.UserController.getByUsername - test loi
29-10-2020 16:23:42.093 ERROR com.mrd.controller.UserController.getByUsername - test loi
29-10-2020 16:23:42.093 ERROR com.mrd.controller.UserController.getByUsername - test loi
29-10-2020 16:23:42.093 ERROR com.mrd.controller.UserController.getByUsername - test loi
29-10-2020 16:23:42.093 ERROR com.mrd.controller.UserController.getByUsername - test loi
29-10-2020 16:23:42.093 ERROR com.mrd.controller.UserController.getByUsername - test loi
29-10-2020 16:23:42.093 ERROR com.mrd.controller.UserController.getByUsername - test loi
29-10-2020 16:23:42.093 ERROR com.mrd.controller.UserController.getByUsername - test loi
29-10-2020 16:23:42.094 ERROR com.mrd.controller.UserController.getByUsername - test loi
29-10-2020 16:23:42.094 ERROR com.mrd.controller.UserController.getByUsername - test loi
29-10-2020 16:23:42.094 ERROR com.mrd.controller.UserController.getByUsername - test loi
29-10-2020 16:23:42.094 ERROR com.mrd.controller.UserController.getByUsername - test loi
29-10-2020 16:23:42.094 ERROR com.mrd.controller.UserController.getByUsername - test loi
29-10-2020 16:23:42.094 ERROR com.mrd.controller.UserController.getByUsername - test loi
29-10-2020 16:23:42.095 ERROR com.mrd.controller.UserController.getByUsername - test loi
29-10-2020 16:23:42.095 ERROR com.mrd.controller.UserController.getByUsername - test loi
29-10-2020 16:23:42.095 ERROR com.mrd.controller.UserController.getByUsername - test loi
29-10-2020 16:23:42.095 ERROR com.mrd.controller.UserController.getByUsername - test loi
29-10-2020 16:23:42.095 ERROR com.mrd.controller.UserController.getByUsername - test loi
29-10-2020 16:23:42.095 ERROR com.mrd.controller.UserController.getByUsername - test loi
29-10-2020 16:23:42.095 ERROR com.mrd.controller.UserController.getByUsername - test loi
29-10-2020 16:23:42.096 ERROR com.mrd.controller.UserController.getByUsername - test loi
29-10-2020 16:23:42.096 ERROR com.mrd.controller.UserController.getByUsername - test loi
29-10-2020 16:23:42.096 ERROR com.mrd.controller.UserController.getByUsername - test loi
29-10-2020 16:23:42.096 ERROR com.mrd.controller.UserController.getByUsername - test loi
29-10-2020 16:23:42.096 ERROR com.mrd.controller.UserController.getByUsername - test loi
29-10-2020 16:23:42.096 ERROR com.mrd.controller.UserController.getByUsername - test loi
29-10-2020 16:23:42.096 ERROR com.mrd.controller.UserController.getByUsername - test loi
29-10-2020 16:23:42.096 ERROR com.mrd.controller.UserController.getByUsername - test loi
29-10-2020 16:23:42.097 ERROR com.mrd.controller.UserController.getByUsername - test loi
29-10-2020 16:23:42.097 ERROR com.mrd.controller.UserController.getByUsername - test loi
29-10-2020 16:23:42.097 ERROR com.mrd.controller.UserController.getByUsername - test loi
29-10-2020 16:23:42.097 ERROR com.mrd.controller.UserController.getByUsername - test loi
29-10-2020 16:23:42.097 ERROR com.mrd.controller.UserController.getByUsername - test loi
29-10-2020 16:23:42.097 ERROR com.mrd.controller.UserController.getByUsername - test loi
29-10-2020 16:23:42.097 ERROR com.mrd.controller.UserController.getByUsername - test loi
29-10-2020 16:23:42.097 ERROR com.mrd.controller.UserController.getByUsername - test loi
29-10-2020 16:23:42.097 ERROR com.mrd.controller.UserController.getByUsername - test loi
29-10-2020 16:23:42.098 ERROR com.mrd.controller.UserController.getByUsername - test loi
29-10-2020 16:23:42.098 ERROR com.mrd.controller.UserController.getByUsername - test loi
29-10-2020 16:23:42.098 ERROR com.mrd.controller.UserController.getByUsername - test loi
29-10-2020 16:23:42.098 ERROR com.mrd.controller.UserController.getByUsername - test loi
29-10-2020 16:23:42.098 ERROR com.mrd.controller.UserController.getByUsername - test loi
29-10-2020 16:23:42.098 ERROR com.mrd.controller.UserController.getByUsername - test loi
29-10-2020 16:23:42.098 ERROR com.mrd.controller.UserController.getByUsername - test loi
29-10-2020 16:23:42.098 ERROR com.mrd.controller.UserController.getByUsername - test loi
29-10-2020 16:23:42.098 ERROR com.mrd.controller.UserController.getByUsername - test loi
29-10-2020 16:23:42.099 ERROR com.mrd.controller.UserController.getByUsername - test loi
29-10-2020 16:23:42.099 ERROR com.mrd.controller.UserController.getByUsername - test loi
29-10-2020 16:23:42.099 ERROR com.mrd.controller.UserController.getByUsername - test loi
29-10-2020 16:23:42.099 ERROR com.mrd.controller.UserController.getByUsername - test loi
29-10-2020 16:23:42.099 ERROR com.mrd.controller.UserController.getByUsername - test loi
29-10-2020 16:23:42.099 ERROR com.mrd.controller.UserController.getByUsername - test loi
29-10-2020 16:23:42.100 ERROR com.mrd.controller.UserController.getByUsername - test loi
29-10-2020 16:23:42.100 ERROR com.mrd.controller.UserController.getByUsername - test loi
29-10-2020 16:23:42.101 ERROR com.mrd.controller.UserController.getByUsername - test loi
29-10-2020 16:23:42.101 ERROR com.mrd.controller.UserController.getByUsername - test loi
29-10-2020 16:23:42.101 ERROR com.mrd.controller.UserController.getByUsername - test loi
29-10-2020 16:23:42.101 ERROR com.mrd.controller.UserController.getByUsername - test loi
29-10-2020 16:23:42.101 ERROR com.mrd.controller.UserController.getByUsername - test loi
29-10-2020 16:23:42.102 ERROR com.mrd.controller.UserController.getByUsername - test loi
29-10-2020 16:23:42.102 ERROR com.mrd.controller.UserController.getByUsername - test loi
29-10-2020 16:23:42.102 ERROR com.mrd.controller.UserController.getByUsername - test loi
29-10-2020 16:23:42.102 ERROR com.mrd.controller.UserController.getByUsername - test loi
29-10-2020 16:23:42.102 ERROR com.mrd.controller.UserController.getByUsername - test loi
29-10-2020 16:23:42.102 ERROR com.mrd.controller.UserController.getByUsername - test loi
29-10-2020 16:23:42.102 ERROR com.mrd.controller.UserController.getByUsername - test loi
29-10-2020 16:23:42.102 ERROR com.mrd.controller.UserController.getByUsername - test loi
29-10-2020 16:23:42.102 ERROR com.mrd.controller.UserController.getByUsername - test loi
29-10-2020 16:23:42.103 ERROR com.mrd.controller.UserController.getByUsername - test loi
29-10-2020 16:23:42.103 ERROR com.mrd.controller.UserController.getByUsername - test loi
29-10-2020 16:23:42.103 ERROR com.mrd.controller.UserController.getByUsername - test loi
29-10-2020 16:23:42.103 ERROR com.mrd.controller.UserController.getByUsername - test loi
29-10-2020 16:23:42.103 ERROR com.mrd.controller.UserController.getByUsername - test loi
29-10-2020 16:23:42.103 ERROR com.mrd.controller.UserController.getByUsername - test loi
29-10-2020 16:23:42.103 ERROR com.mrd.controller.UserController.getByUsername - test loi
29-10-2020 16:23:42.103 ERROR com.mrd.controller.UserController.getByUsername - test loi
29-10-2020 16:23:42.103 ERROR com.mrd.controller.UserController.getByUsername - test loi
29-10-2020 16:23:42.104 ERROR com.mrd.controller.UserController.getByUsername - test loi
29-10-2020 16:23:42.104 ERROR com.mrd.controller.UserController.getByUsername - test loi
29-10-2020 16:23:42.104 ERROR com.mrd.controller.UserController.getByUsername - test loi
29-10-2020 16:23:42.104 ERROR com.mrd.controller.UserController.getByUsername - test loi
29-10-2020 16:23:42.104 ERROR com.mrd.controller.UserController.getByUsername - test loi
29-10-2020 16:23:42.104 ERROR com.mrd.controller.UserController.getByUsername - test loi
29-10-2020 16:23:42.104 ERROR com.mrd.controller.UserController.getByUsername - test loi
29-10-2020 16:23:42.104 ERROR com.mrd.controller.UserController.getByUsername - test loi
29-10-2020 16:23:42.104 ERROR com.mrd.controller.UserController.getByUsername - test loi
29-10-2020 16:23:42.105 ERROR com.mrd.controller.UserController.getByUsername - test loi
29-10-2020 16:23:42.105 ERROR com.mrd.controller.UserController.getByUsername - test loi
29-10-2020 16:23:42.105 ERROR com.mrd.controller.UserController.getByUsername - test loi
29-10-2020 16:23:42.105 ERROR com.mrd.controller.UserController.getByUsername - test loi
29-10-2020 16:23:42.105 ERROR com.mrd.controller.UserController.getByUsername - test loi
29-10-2020 16:23:42.105 ERROR com.mrd.controller.UserController.getByUsername - test loi
29-10-2020 16:23:42.105 ERROR com.mrd.controller.UserController.getByUsername - test loi
29-10-2020 16:23:42.106 ERROR com.mrd.controller.UserController.getByUsername - test loi
29-10-2020 16:23:42.106 ERROR com.mrd.controller.UserController.getByUsername - test loi
29-10-2020 16:23:42.106 ERROR com.mrd.controller.UserController.getByUsername - test loi
29-10-2020 16:23:42.106 ERROR com.mrd.controller.UserController.getByUsername - test loi
29-10-2020 16:23:42.106 ERROR com.mrd.controller.UserController.getByUsername - test loi
29-10-2020 16:23:42.106 ERROR com.mrd.controller.UserController.getByUsername - test loi
29-10-2020 16:23:42.106 ERROR com.mrd.controller.UserController.getByUsername - test loi
29-10-2020 16:23:42.106 ERROR com.mrd.controller.UserController.getByUsername - test loi
29-10-2020 16:23:42.107 ERROR com.mrd.controller.UserController.getByUsername - test loi
29-10-2020 16:23:42.107 ERROR com.mrd.controller.UserController.getByUsername - test loi
29-10-2020 16:23:42.107 ERROR com.mrd.controller.UserController.getByUsername - test loi
29-10-2020 16:23:42.107 ERROR com.mrd.controller.UserController.getByUsername - test loi
29-10-2020 16:23:42.107 ERROR com.mrd.controller.UserController.getByUsername - test loi
29-10-2020 16:23:42.107 ERROR com.mrd.controller.UserController.getByUsername - test loi
29-10-2020 16:23:42.108 ERROR com.mrd.controller.UserController.getByUsername - test loi
29-10-2020 16:23:42.108 ERROR com.mrd.controller.UserController.getByUsername - test loi
29-10-2020 16:23:42.108 ERROR com.mrd.controller.UserController.getByUsername - test loi
29-10-2020 16:23:42.108 ERROR com.mrd.controller.UserController.getByUsername - test loi
29-10-2020 16:23:42.108 ERROR com.mrd.controller.UserController.getByUsername - test loi
29-10-2020 16:23:42.108 ERROR com.mrd.controller.UserController.getByUsername - test loi
29-10-2020 16:23:42.109 ERROR com.mrd.controller.UserController.getByUsername - test loi
29-10-2020 16:23:42.109 ERROR com.mrd.controller.UserController.getByUsername - test loi
29-10-2020 16:23:42.109 ERROR com.mrd.controller.UserController.getByUsername - test loi
29-10-2020 16:23:42.109 ERROR com.mrd.controller.UserController.getByUsername - test loi
29-10-2020 16:23:42.109 ERROR com.mrd.controller.UserController.getByUsername - test loi
29-10-2020 16:23:42.109 ERROR com.mrd.controller.UserController.getByUsername - test loi
29-10-2020 16:23:42.109 ERROR com.mrd.controller.UserController.getByUsername - test loi
29-10-2020 16:23:42.109 ERROR com.mrd.controller.UserController.getByUsername - test loi
29-10-2020 16:23:42.110 ERROR com.mrd.controller.UserController.getByUsername - test loi
29-10-2020 16:23:42.110 ERROR com.mrd.controller.UserController.getByUsername - test loi
29-10-2020 16:23:42.110 ERROR com.mrd.controller.UserController.getByUsername - test loi
29-10-2020 16:23:42.110 ERROR com.mrd.controller.UserController.getByUsername - test loi
29-10-2020 16:23:42.110 ERROR com.mrd.controller.UserController.getByUsername - test loi
29-10-2020 16:23:42.110 ERROR com.mrd.controller.UserController.getByUsername - test loi
29-10-2020 16:23:42.110 ERROR com.mrd.controller.UserController.getByUsername - test loi
29-10-2020 16:23:42.110 ERROR com.mrd.controller.UserController.getByUsername - test loi
29-10-2020 16:23:42.111 ERROR com.mrd.controller.UserController.getByUsername - test loi
29-10-2020 16:23:42.111 ERROR com.mrd.controller.UserController.getByUsername - test loi
29-10-2020 16:23:42.111 ERROR com.mrd.controller.UserController.getByUsername - test loi
29-10-2020 16:23:42.111 ERROR com.mrd.controller.UserController.getByUsername - test loi
29-10-2020 16:23:42.111 ERROR com.mrd.controller.UserController.getByUsername - test loi
29-10-2020 16:23:42.111 ERROR com.mrd.controller.UserController.getByUsername - test loi
29-10-2020 16:23:42.111 ERROR com.mrd.controller.UserController.getByUsername - test loi
29-10-2020 16:23:42.111 ERROR com.mrd.controller.UserController.getByUsername - test loi
29-10-2020 16:23:42.111 ERROR com.mrd.controller.UserController.getByUsername - test loi
29-10-2020 16:23:42.111 ERROR com.mrd.controller.UserController.getByUsername - test loi
29-10-2020 16:23:42.112 ERROR com.mrd.controller.UserController.getByUsername - test loi
29-10-2020 16:23:42.112 ERROR com.mrd.controller.UserController.getByUsername - test loi
29-10-2020 16:23:42.112 ERROR com.mrd.controller.UserController.getByUsername - test loi
29-10-2020 16:23:42.112 ERROR com.mrd.controller.UserController.getByUsername - test loi
29-10-2020 16:23:42.112 ERROR com.mrd.controller.UserController.getByUsername - test loi
29-10-2020 16:23:42.112 ERROR com.mrd.controller.UserController.getByUsername - test loi
29-10-2020 16:23:42.112 ERROR com.mrd.controller.UserController.getByUsername - test loi
29-10-2020 16:23:42.112 ERROR com.mrd.controller.UserController.getByUsername - test loi
29-10-2020 16:23:42.112 ERROR com.mrd.controller.UserController.getByUsername - test loi
29-10-2020 16:23:42.113 ERROR com.mrd.controller.UserController.getByUsername - test loi
29-10-2020 16:23:42.113 ERROR com.mrd.controller.UserController.getByUsername - test loi
29-10-2020 16:23:42.113 ERROR com.mrd.controller.UserController.getByUsername - test loi
29-10-2020 16:23:42.113 ERROR com.mrd.controller.UserController.getByUsername - test loi
29-10-2020 16:23:42.113 ERROR com.mrd.controller.UserController.getByUsername - test loi
29-10-2020 16:23:42.113 ERROR com.mrd.controller.UserController.getByUsername - test loi
29-10-2020 16:23:42.113 ERROR com.mrd.controller.UserController.getByUsername - test loi
29-10-2020 16:23:42.113 ERROR com.mrd.controller.UserController.getByUsername - test loi
29-10-2020 16:23:42.113 ERROR com.mrd.controller.UserController.getByUsername - test loi
29-10-2020 16:23:42.113 ERROR com.mrd.controller.UserController.getByUsername - test loi
29-10-2020 16:23:42.114 ERROR com.mrd.controller.UserController.getByUsername - test loi
29-10-2020 16:23:42.114 ERROR com.mrd.controller.UserController.getByUsername - test loi
29-10-2020 16:23:42.114 ERROR com.mrd.controller.UserController.getByUsername - test loi
29-10-2020 16:23:42.114 ERROR com.mrd.controller.UserController.getByUsername - test loi
29-10-2020 16:23:42.114 ERROR com.mrd.controller.UserController.getByUsername - test loi
29-10-2020 16:23:42.114 ERROR com.mrd.controller.UserController.getByUsername - test loi
29-10-2020 16:23:42.114 ERROR com.mrd.controller.UserController.getByUsername - test loi
29-10-2020 16:23:42.114 ERROR com.mrd.controller.UserController.getByUsername - test loi
29-10-2020 16:23:42.114 ERROR com.mrd.controller.UserController.getByUsername - test loi
29-10-2020 16:23:42.114 ERROR com.mrd.controller.UserController.getByUsername - test loi
29-10-2020 16:23:42.114 ERROR com.mrd.controller.UserController.getByUsername - test loi
29-10-2020 16:23:42.115 ERROR com.mrd.controller.UserController.getByUsername - test loi
29-10-2020 16:23:42.115 ERROR com.mrd.controller.UserController.getByUsername - test loi
29-10-2020 16:23:42.115 ERROR com.mrd.controller.UserController.getByUsername - test loi
29-10-2020 16:23:42.115 ERROR com.mrd.controller.UserController.getByUsername - test loi
29-10-2020 16:23:42.115 ERROR com.mrd.controller.UserController.getByUsername - test loi
29-10-2020 16:23:42.115 ERROR com.mrd.controller.UserController.getByUsername - test loi
29-10-2020 16:23:42.115 ERROR com.mrd.controller.UserController.getByUsername - test loi
29-10-2020 16:23:42.115 ERROR com.mrd.controller.UserController.getByUsername - test loi
29-10-2020 16:23:42.115 ERROR com.mrd.controller.UserController.getByUsername - test loi
29-10-2020 16:23:42.116 ERROR com.mrd.controller.UserController.getByUsername - test loi
29-10-2020 16:23:42.116 ERROR com.mrd.controller.UserController.getByUsername - test loi
29-10-2020 16:23:42.116 ERROR com.mrd.controller.UserController.getByUsername - test loi
29-10-2020 16:23:42.116 ERROR com.mrd.controller.UserController.getByUsername - test loi
29-10-2020 16:23:42.116 ERROR com.mrd.controller.UserController.getByUsername - test loi
29-10-2020 16:23:42.116 ERROR com.mrd.controller.UserController.getByUsername - test loi
29-10-2020 16:23:42.116 ERROR com.mrd.controller.UserController.getByUsername - test loi
29-10-2020 16:23:42.117 ERROR com.mrd.controller.UserController.getByUsername - test loi
29-10-2020 16:23:42.117 ERROR com.mrd.controller.UserController.getByUsername - test loi
29-10-2020 16:23:42.117 ERROR com.mrd.controller.UserController.getByUsername - test loi
29-10-2020 16:23:42.117 ERROR com.mrd.controller.UserController.getByUsername - test loi
29-10-2020 16:23:42.117 ERROR com.mrd.controller.UserController.getByUsername - test loi
29-10-2020 16:23:42.117 ERROR com.mrd.controller.UserController.getByUsername - test loi
29-10-2020 16:23:42.117 ERROR com.mrd.controller.UserController.getByUsername - test loi
29-10-2020 16:23:42.117 ERROR com.mrd.controller.UserController.getByUsername - test loi
29-10-2020 16:23:42.117 ERROR com.mrd.controller.UserController.getByUsername - test loi
29-10-2020 16:23:42.118 ERROR com.mrd.controller.UserController.getByUsername - test loi
29-10-2020 16:23:42.118 ERROR com.mrd.controller.UserController.getByUsername - test loi
29-10-2020 16:23:42.118 ERROR com.mrd.controller.UserController.getByUsername - test loi
29-10-2020 16:23:42.118 ERROR com.mrd.controller.UserController.getByUsername - test loi
29-10-2020 16:23:42.118 ERROR com.mrd.controller.UserController.getByUsername - test loi
29-10-2020 16:23:42.118 ERROR com.mrd.controller.UserController.getByUsername - test loi
29-10-2020 16:23:42.118 ERROR com.mrd.controller.UserController.getByUsername - test loi
29-10-2020 16:23:42.118 ERROR com.mrd.controller.UserController.getByUsername - test loi
29-10-2020 16:23:42.118 ERROR com.mrd.controller.UserController.getByUsername - test loi
29-10-2020 16:23:42.118 ERROR com.mrd.controller.UserController.getByUsername - test loi
29-10-2020 16:23:42.119 ERROR com.mrd.controller.UserController.getByUsername - test loi
29-10-2020 16:23:42.119 ERROR com.mrd.controller.UserController.getByUsername - test loi
29-10-2020 16:23:42.119 ERROR com.mrd.controller.UserController.getByUsername - test loi
29-10-2020 16:23:42.119 ERROR com.mrd.controller.UserController.getByUsername - test loi
29-10-2020 16:23:42.119 ERROR com.mrd.controller.UserController.getByUsername - test loi
29-10-2020 16:23:42.119 ERROR com.mrd.controller.UserController.getByUsername - test loi
29-10-2020 16:23:42.119 ERROR com.mrd.controller.UserController.getByUsername - test loi
29-10-2020 16:23:42.119 ERROR com.mrd.controller.UserController.getByUsername - test loi
29-10-2020 16:23:42.119 ERROR com.mrd.controller.UserController.getByUsername - test loi
29-10-2020 16:23:42.119 ERROR com.mrd.controller.UserController.getByUsername - test loi
29-10-2020 16:23:42.119 ERROR com.mrd.controller.UserController.getByUsername - test loi
29-10-2020 16:23:42.120 ERROR com.mrd.controller.UserController.getByUsername - test loi
29-10-2020 16:23:42.120 ERROR com.mrd.controller.UserController.getByUsername - test loi
29-10-2020 16:23:42.120 ERROR com.mrd.controller.UserController.getByUsername - test loi
29-10-2020 16:23:42.120 ERROR com.mrd.controller.UserController.getByUsername - test loi
29-10-2020 16:23:42.120 ERROR com.mrd.controller.UserController.getByUsername - test loi
29-10-2020 16:23:42.120 ERROR com.mrd.controller.UserController.getByUsername - test loi
29-10-2020 16:23:42.120 ERROR com.mrd.controller.UserController.getByUsername - test loi
29-10-2020 16:23:42.120 ERROR com.mrd.controller.UserController.getByUsername - test loi
29-10-2020 16:23:42.120 ERROR com.mrd.controller.UserController.getByUsername - test loi
29-10-2020 16:23:42.120 ERROR com.mrd.controller.UserController.getByUsername - test loi
29-10-2020 16:23:42.120 ERROR com.mrd.controller.UserController.getByUsername - test loi
29-10-2020 16:23:42.121 ERROR com.mrd.controller.UserController.getByUsername - test loi
29-10-2020 16:23:42.121 ERROR com.mrd.controller.UserController.getByUsername - test loi
29-10-2020 16:23:42.121 ERROR com.mrd.controller.UserController.getByUsername - test loi
29-10-2020 16:23:42.121 ERROR com.mrd.controller.UserController.getByUsername - test loi
29-10-2020 16:23:42.121 ERROR com.mrd.controller.UserController.getByUsername - test loi
29-10-2020 16:23:42.121 ERROR com.mrd.controller.UserController.getByUsername - test loi
29-10-2020 16:23:42.121 ERROR com.mrd.controller.UserController.getByUsername - test loi
29-10-2020 16:23:42.121 ERROR com.mrd.controller.UserController.getByUsername - test loi
29-10-2020 16:23:42.121 ERROR com.mrd.controller.UserController.getByUsername - test loi
29-10-2020 16:23:42.121 ERROR com.mrd.controller.UserController.getByUsername - test loi
29-10-2020 16:23:42.121 ERROR com.mrd.controller.UserController.getByUsername - test loi
29-10-2020 16:23:42.122 ERROR com.mrd.controller.UserController.getByUsername - test loi
29-10-2020 16:23:42.122 ERROR com.mrd.controller.UserController.getByUsername - test loi
29-10-2020 16:23:42.122 ERROR com.mrd.controller.UserController.getByUsername - test loi
29-10-2020 16:23:42.122 ERROR com.mrd.controller.UserController.getByUsername - test loi
29-10-2020 16:23:42.122 ERROR com.mrd.controller.UserController.getByUsername - test loi
29-10-2020 16:23:42.122 ERROR com.mrd.controller.UserController.getByUsername - test loi
29-10-2020 16:23:42.122 ERROR com.mrd.controller.UserController.getByUsername - test loi
29-10-2020 16:23:42.122 ERROR com.mrd.controller.UserController.getByUsername - test loi
29-10-2020 16:23:42.122 ERROR com.mrd.controller.UserController.getByUsername - test loi
29-10-2020 16:23:42.122 ERROR com.mrd.controller.UserController.getByUsername - test loi
29-10-2020 16:23:42.122 ERROR com.mrd.controller.UserController.getByUsername - test loi
29-10-2020 16:23:42.123 ERROR com.mrd.controller.UserController.getByUsername - test loi
29-10-2020 16:23:42.123 ERROR com.mrd.controller.UserController.getByUsername - test loi
29-10-2020 16:23:42.123 ERROR com.mrd.controller.UserController.getByUsername - test loi
29-10-2020 16:23:42.123 ERROR com.mrd.controller.UserController.getByUsername - test loi
29-10-2020 16:23:42.123 ERROR com.mrd.controller.UserController.getByUsername - test loi
29-10-2020 16:23:42.123 ERROR com.mrd.controller.UserController.getByUsername - test loi
29-10-2020 16:23:42.123 ERROR com.mrd.controller.UserController.getByUsername - test loi
29-10-2020 16:23:42.123 ERROR com.mrd.controller.UserController.getByUsername - test loi
29-10-2020 16:23:42.123 ERROR com.mrd.controller.UserController.getByUsername - test loi
29-10-2020 16:23:42.124 ERROR com.mrd.controller.UserController.getByUsername - test loi
29-10-2020 16:23:42.124 ERROR com.mrd.controller.UserController.getByUsername - test loi
29-10-2020 16:23:42.124 ERROR com.mrd.controller.UserController.getByUsername - test loi
29-10-2020 16:23:42.124 ERROR com.mrd.controller.UserController.getByUsername - test loi
29-10-2020 16:23:42.124 ERROR com.mrd.controller.UserController.getByUsername - test loi
29-10-2020 16:23:42.124 ERROR com.mrd.controller.UserController.getByUsername - test loi
29-10-2020 16:23:42.124 ERROR com.mrd.controller.UserController.getByUsername - test loi
29-10-2020 16:23:42.124 ERROR com.mrd.controller.UserController.getByUsername - test loi
29-10-2020 16:23:42.125 ERROR com.mrd.controller.UserController.getByUsername - test loi
29-10-2020 16:23:42.125 ERROR com.mrd.controller.UserController.getByUsername - test loi
29-10-2020 16:23:42.125 ERROR com.mrd.controller.UserController.getByUsername - test loi
29-10-2020 16:23:42.125 ERROR com.mrd.controller.UserController.getByUsername - test loi
29-10-2020 16:23:42.125 ERROR com.mrd.controller.UserController.getByUsername - test loi
29-10-2020 16:23:42.125 ERROR com.mrd.controller.UserController.getByUsername - test loi
29-10-2020 16:23:42.125 ERROR com.mrd.controller.UserController.getByUsername - test loi
29-10-2020 16:23:42.125 ERROR com.mrd.controller.UserController.getByUsername - test loi
29-10-2020 16:23:42.125 ERROR com.mrd.controller.UserController.getByUsername - test loi
29-10-2020 16:23:42.126 ERROR com.mrd.controller.UserController.getByUsername - test loi
29-10-2020 16:23:42.126 ERROR com.mrd.controller.UserController.getByUsername - test loi
29-10-2020 16:23:42.126 ERROR com.mrd.controller.UserController.getByUsername - test loi
29-10-2020 16:23:42.126 ERROR com.mrd.controller.UserController.getByUsername - test loi
29-10-2020 16:23:42.126 ERROR com.mrd.controller.UserController.getByUsername - test loi
29-10-2020 16:23:42.126 ERROR com.mrd.controller.UserController.getByUsername - test loi
29-10-2020 16:23:42.126 ERROR com.mrd.controller.UserController.getByUsername - test loi
29-10-2020 16:23:42.126 ERROR com.mrd.controller.UserController.getByUsername - test loi
29-10-2020 16:23:42.126 ERROR com.mrd.controller.UserController.getByUsername - test loi
29-10-2020 16:23:42.127 ERROR com.mrd.controller.UserController.getByUsername - test loi
29-10-2020 16:23:42.127 ERROR com.mrd.controller.UserController.getByUsername - test loi
29-10-2020 16:23:42.127 ERROR com.mrd.controller.UserController.getByUsername - test loi
29-10-2020 16:23:42.127 ERROR com.mrd.controller.UserController.getByUsername - test loi
29-10-2020 16:23:42.127 ERROR com.mrd.controller.UserController.getByUsername - test loi
29-10-2020 16:23:42.127 ERROR com.mrd.controller.UserController.getByUsername - test loi
29-10-2020 16:23:42.127 ERROR com.mrd.controller.UserController.getByUsername - test loi
29-10-2020 16:23:42.127 ERROR com.mrd.controller.UserController.getByUsername - test loi
29-10-2020 16:23:42.127 ERROR com.mrd.controller.UserController.getByUsername - test loi
29-10-2020 16:23:42.127 ERROR com.mrd.controller.UserController.getByUsername - test loi
29-10-2020 16:23:42.127 ERROR com.mrd.controller.UserController.getByUsername - test loi
29-10-2020 16:23:42.128 ERROR com.mrd.controller.UserController.getByUsername - test loi
29-10-2020 16:23:42.128 ERROR com.mrd.controller.UserController.getByUsername - test loi
29-10-2020 16:23:42.128 ERROR com.mrd.controller.UserController.getByUsername - test loi
29-10-2020 16:23:42.128 ERROR com.mrd.controller.UserController.getByUsername - test loi
29-10-2020 16:23:42.128 ERROR com.mrd.controller.UserController.getByUsername - test loi
29-10-2020 16:23:42.128 ERROR com.mrd.controller.UserController.getByUsername - test loi
29-10-2020 16:23:42.128 ERROR com.mrd.controller.UserController.getByUsername - test loi
29-10-2020 16:23:42.128 ERROR com.mrd.controller.UserController.getByUsername - test loi
29-10-2020 16:23:42.128 ERROR com.mrd.controller.UserController.getByUsername - test loi
29-10-2020 16:23:42.128 ERROR com.mrd.controller.UserController.getByUsername - test loi
29-10-2020 16:23:42.129 ERROR com.mrd.controller.UserController.getByUsername - test loi
29-10-2020 16:23:42.129 ERROR com.mrd.controller.UserController.getByUsername - test loi
29-10-2020 16:23:42.129 ERROR com.mrd.controller.UserController.getByUsername - test loi
29-10-2020 16:23:42.129 ERROR com.mrd.controller.UserController.getByUsername - test loi
29-10-2020 16:23:42.129 ERROR com.mrd.controller.UserController.getByUsername - test loi
29-10-2020 16:23:42.129 ERROR com.mrd.controller.UserController.getByUsername - test loi
29-10-2020 16:23:42.129 ERROR com.mrd.controller.UserController.getByUsername - test loi
29-10-2020 16:23:42.129 ERROR com.mrd.controller.UserController.getByUsername - test loi
29-10-2020 16:23:42.129 ERROR com.mrd.controller.UserController.getByUsername - test loi
29-10-2020 16:23:42.129 ERROR com.mrd.controller.UserController.getByUsername - test loi
29-10-2020 16:23:42.130 ERROR com.mrd.controller.UserController.getByUsername - test loi
29-10-2020 16:23:42.130 ERROR com.mrd.controller.UserController.getByUsername - test loi
29-10-2020 16:23:42.130 ERROR com.mrd.controller.UserController.getByUsername - test loi
29-10-2020 16:23:42.130 ERROR com.mrd.controller.UserController.getByUsername - test loi
29-10-2020 16:23:42.130 ERROR com.mrd.controller.UserController.getByUsername - test loi
29-10-2020 16:23:42.130 ERROR com.mrd.controller.UserController.getByUsername - test loi
29-10-2020 16:23:42.130 ERROR com.mrd.controller.UserController.getByUsername - test loi
29-10-2020 16:23:42.130 ERROR com.mrd.controller.UserController.getByUsername - test loi
29-10-2020 16:23:42.130 ERROR com.mrd.controller.UserController.getByUsername - test loi
29-10-2020 16:23:42.130 ERROR com.mrd.controller.UserController.getByUsername - test loi
29-10-2020 16:23:42.130 ERROR com.mrd.controller.UserController.getByUsername - test loi
29-10-2020 16:23:42.131 ERROR com.mrd.controller.UserController.getByUsername - test loi
29-10-2020 16:23:42.131 ERROR com.mrd.controller.UserController.getByUsername - test loi
29-10-2020 16:23:42.131 ERROR com.mrd.controller.UserController.getByUsername - test loi
29-10-2020 16:23:42.131 ERROR com.mrd.controller.UserController.getByUsername - test loi
29-10-2020 16:23:42.131 ERROR com.mrd.controller.UserController.getByUsername - test loi
29-10-2020 16:23:42.131 ERROR com.mrd.controller.UserController.getByUsername - test loi
29-10-2020 16:23:42.131 ERROR com.mrd.controller.UserController.getByUsername - test loi
29-10-2020 16:23:42.131 ERROR com.mrd.controller.UserController.getByUsername - test loi
29-10-2020 16:23:42.131 ERROR com.mrd.controller.UserController.getByUsername - test loi
29-10-2020 16:23:42.132 ERROR com.mrd.controller.UserController.getByUsername - test loi
29-10-2020 16:23:42.132 ERROR com.mrd.controller.UserController.getByUsername - test loi
29-10-2020 16:23:42.132 ERROR com.mrd.controller.UserController.getByUsername - test loi
29-10-2020 16:23:42.132 ERROR com.mrd.controller.UserController.getByUsername - test loi
29-10-2020 16:23:42.132 ERROR com.mrd.controller.UserController.getByUsername - test loi
29-10-2020 16:23:42.132 ERROR com.mrd.controller.UserController.getByUsername - test loi
29-10-2020 16:23:42.132 ERROR com.mrd.controller.UserController.getByUsername - test loi
29-10-2020 16:23:42.132 ERROR com.mrd.controller.UserController.getByUsername - test loi
29-10-2020 16:23:42.132 ERROR com.mrd.controller.UserController.getByUsername - test loi
29-10-2020 16:23:42.132 ERROR com.mrd.controller.UserController.getByUsername - test loi
29-10-2020 16:23:42.133 ERROR com.mrd.controller.UserController.getByUsername - test loi
29-10-2020 16:23:42.133 ERROR com.mrd.controller.UserController.getByUsername - test loi
29-10-2020 16:23:42.133 ERROR com.mrd.controller.UserController.getByUsername - test loi
29-10-2020 16:23:42.133 ERROR com.mrd.controller.UserController.getByUsername - test loi
29-10-2020 16:23:42.133 ERROR com.mrd.controller.UserController.getByUsername - test loi
29-10-2020 16:23:42.133 ERROR com.mrd.controller.UserController.getByUsername - test loi
29-10-2020 16:23:42.133 ERROR com.mrd.controller.UserController.getByUsername - test loi
29-10-2020 16:23:42.133 ERROR com.mrd.controller.UserController.getByUsername - test loi
29-10-2020 16:23:42.133 ERROR com.mrd.controller.UserController.getByUsername - test loi
29-10-2020 16:23:42.133 ERROR com.mrd.controller.UserController.getByUsername - test loi
29-10-2020 16:23:42.133 ERROR com.mrd.controller.UserController.getByUsername - test loi
29-10-2020 16:23:42.134 ERROR com.mrd.controller.UserController.getByUsername - test loi
29-10-2020 16:23:42.134 ERROR com.mrd.controller.UserController.getByUsername - test loi
29-10-2020 16:23:42.134 ERROR com.mrd.controller.UserController.getByUsername - test loi
29-10-2020 16:23:42.134 ERROR com.mrd.controller.UserController.getByUsername - test loi
29-10-2020 16:23:42.134 ERROR com.mrd.controller.UserController.getByUsername - test loi
29-10-2020 16:23:42.134 ERROR com.mrd.controller.UserController.getByUsername - test loi
29-10-2020 16:23:42.134 ERROR com.mrd.controller.UserController.getByUsername - test loi
29-10-2020 16:23:42.134 ERROR com.mrd.controller.UserController.getByUsername - test loi
29-10-2020 16:23:42.134 ERROR com.mrd.controller.UserController.getByUsername - test loi
29-10-2020 16:23:42.134 ERROR com.mrd.controller.UserController.getByUsername - test loi
29-10-2020 16:23:42.134 ERROR com.mrd.controller.UserController.getByUsername - test loi
29-10-2020 16:23:42.135 ERROR com.mrd.controller.UserController.getByUsername - test loi
29-10-2020 16:23:42.135 ERROR com.mrd.controller.UserController.getByUsername - test loi
29-10-2020 16:23:42.135 ERROR com.mrd.controller.UserController.getByUsername - test loi
29-10-2020 16:23:42.135 ERROR com.mrd.controller.UserController.getByUsername - test loi
29-10-2020 16:23:42.135 ERROR com.mrd.controller.UserController.getByUsername - test loi
29-10-2020 16:23:42.135 ERROR com.mrd.controller.UserController.getByUsername - test loi
29-10-2020 16:23:42.135 ERROR com.mrd.controller.UserController.getByUsername - test loi
29-10-2020 16:23:42.135 ERROR com.mrd.controller.UserController.getByUsername - test loi
29-10-2020 16:23:42.135 ERROR com.mrd.controller.UserController.getByUsername - test loi
29-10-2020 16:23:42.135 ERROR com.mrd.controller.UserController.getByUsername - test loi
29-10-2020 16:23:42.135 ERROR com.mrd.controller.UserController.getByUsername - test loi
29-10-2020 16:23:42.136 ERROR com.mrd.controller.UserController.getByUsername - test loi
29-10-2020 16:23:42.136 ERROR com.mrd.controller.UserController.getByUsername - test loi
29-10-2020 16:23:42.136 ERROR com.mrd.controller.UserController.getByUsername - test loi
29-10-2020 16:23:42.136 ERROR com.mrd.controller.UserController.getByUsername - test loi
29-10-2020 16:23:42.136 ERROR com.mrd.controller.UserController.getByUsername - test loi
29-10-2020 16:23:42.136 ERROR com.mrd.controller.UserController.getByUsername - test loi
29-10-2020 16:23:42.136 ERROR com.mrd.controller.UserController.getByUsername - test loi
29-10-2020 16:23:42.136 ERROR com.mrd.controller.UserController.getByUsername - test loi
29-10-2020 16:23:42.136 ERROR com.mrd.controller.UserController.getByUsername - test loi
29-10-2020 16:23:42.136 ERROR com.mrd.controller.UserController.getByUsername - test loi
29-10-2020 16:23:42.136 ERROR com.mrd.controller.UserController.getByUsername - test loi
29-10-2020 16:23:42.137 ERROR com.mrd.controller.UserController.getByUsername - test loi
29-10-2020 16:23:42.137 ERROR com.mrd.controller.UserController.getByUsername - test loi
29-10-2020 16:23:42.137 ERROR com.mrd.controller.UserController.getByUsername - test loi
29-10-2020 16:23:42.137 ERROR com.mrd.controller.UserController.getByUsername - test loi
29-10-2020 16:23:42.137 ERROR com.mrd.controller.UserController.getByUsername - test loi
29-10-2020 16:23:42.137 ERROR com.mrd.controller.UserController.getByUsername - test loi
29-10-2020 16:23:42.137 ERROR com.mrd.controller.UserController.getByUsername - test loi
29-10-2020 16:23:42.137 ERROR com.mrd.controller.UserController.getByUsername - test loi
29-10-2020 16:23:42.137 ERROR com.mrd.controller.UserController.getByUsername - test loi
29-10-2020 16:23:42.137 ERROR com.mrd.controller.UserController.getByUsername - test loi
29-10-2020 16:23:42.137 ERROR com.mrd.controller.UserController.getByUsername - test loi
29-10-2020 16:23:42.138 ERROR com.mrd.controller.UserController.getByUsername - test loi
29-10-2020 16:23:42.138 ERROR com.mrd.controller.UserController.getByUsername - test loi
29-10-2020 16:23:42.138 ERROR com.mrd.controller.UserController.getByUsername - test loi
29-10-2020 16:23:42.138 ERROR com.mrd.controller.UserController.getByUsername - test loi
29-10-2020 16:23:42.138 ERROR com.mrd.controller.UserController.getByUsername - test loi
29-10-2020 16:23:42.138 ERROR com.mrd.controller.UserController.getByUsername - test loi
29-10-2020 16:23:42.138 ERROR com.mrd.controller.UserController.getByUsername - test loi
29-10-2020 16:23:42.138 ERROR com.mrd.controller.UserController.getByUsername - test loi
29-10-2020 16:23:42.138 ERROR com.mrd.controller.UserController.getByUsername - test loi
29-10-2020 16:23:42.138 ERROR com.mrd.controller.UserController.getByUsername - test loi
29-10-2020 16:23:42.138 ERROR com.mrd.controller.UserController.getByUsername - test loi
29-10-2020 16:23:42.139 ERROR com.mrd.controller.UserController.getByUsername - test loi
29-10-2020 16:23:42.139 ERROR com.mrd.controller.UserController.getByUsername - test loi
29-10-2020 16:23:42.139 ERROR com.mrd.controller.UserController.getByUsername - test loi
29-10-2020 16:23:42.139 ERROR com.mrd.controller.UserController.getByUsername - test loi
29-10-2020 16:23:42.139 ERROR com.mrd.controller.UserController.getByUsername - test loi
29-10-2020 16:23:42.139 ERROR com.mrd.controller.UserController.getByUsername - test loi
29-10-2020 16:23:42.139 ERROR com.mrd.controller.UserController.getByUsername - test loi
29-10-2020 16:23:42.139 ERROR com.mrd.controller.UserController.getByUsername - test loi
29-10-2020 16:23:42.139 ERROR com.mrd.controller.UserController.getByUsername - test loi
29-10-2020 16:23:42.139 ERROR com.mrd.controller.UserController.getByUsername - test loi
29-10-2020 16:23:42.139 ERROR com.mrd.controller.UserController.getByUsername - test loi
29-10-2020 16:23:42.139 ERROR com.mrd.controller.UserController.getByUsername - test loi
29-10-2020 16:23:42.140 ERROR com.mrd.controller.UserController.getByUsername - test loi
29-10-2020 16:23:42.140 ERROR com.mrd.controller.UserController.getByUsername - test loi
29-10-2020 16:23:42.140 ERROR com.mrd.controller.UserController.getByUsername - test loi
29-10-2020 16:23:42.140 ERROR com.mrd.controller.UserController.getByUsername - test loi
29-10-2020 16:23:42.140 ERROR com.mrd.controller.UserController.getByUsername - test loi
29-10-2020 16:23:42.140 ERROR com.mrd.controller.UserController.getByUsername - test loi
29-10-2020 16:23:42.140 ERROR com.mrd.controller.UserController.getByUsername - test loi
29-10-2020 16:23:42.141 ERROR com.mrd.controller.UserController.getByUsername - test loi
29-10-2020 16:23:42.141 ERROR com.mrd.controller.UserController.getByUsername - test loi
29-10-2020 16:23:42.141 ERROR com.mrd.controller.UserController.getByUsername - test loi
29-10-2020 16:23:42.141 ERROR com.mrd.controller.UserController.getByUsername - test loi
29-10-2020 16:23:42.141 ERROR com.mrd.controller.UserController.getByUsername - test loi
29-10-2020 16:23:42.141 ERROR com.mrd.controller.UserController.getByUsername - test loi
29-10-2020 16:23:42.141 ERROR com.mrd.controller.UserController.getByUsername - test loi
29-10-2020 16:23:42.141 ERROR com.mrd.controller.UserController.getByUsername - test loi
29-10-2020 16:23:42.141 ERROR com.mrd.controller.UserController.getByUsername - test loi
29-10-2020 16:23:42.141 ERROR com.mrd.controller.UserController.getByUsername - test loi
29-10-2020 16:23:42.142 ERROR com.mrd.controller.UserController.getByUsername - test loi
29-10-2020 16:23:42.142 ERROR com.mrd.controller.UserController.getByUsername - test loi
29-10-2020 16:23:42.142 ERROR com.mrd.controller.UserController.getByUsername - test loi
29-10-2020 16:23:42.142 ERROR com.mrd.controller.UserController.getByUsername - test loi
29-10-2020 16:23:42.143 ERROR com.mrd.controller.UserController.getByUsername - test loi
29-10-2020 16:23:42.143 ERROR com.mrd.controller.UserController.getByUsername - test loi
29-10-2020 16:23:42.143 ERROR com.mrd.controller.UserController.getByUsername - test loi
29-10-2020 16:23:42.143 ERROR com.mrd.controller.UserController.getByUsername - test loi
29-10-2020 16:23:42.143 ERROR com.mrd.controller.UserController.getByUsername - test loi
29-10-2020 16:23:42.143 ERROR com.mrd.controller.UserController.getByUsername - test loi
29-10-2020 16:23:42.143 ERROR com.mrd.controller.UserController.getByUsername - test loi
29-10-2020 16:23:42.143 ERROR com.mrd.controller.UserController.getByUsername - test loi
29-10-2020 16:23:42.143 ERROR com.mrd.controller.UserController.getByUsername - test loi
29-10-2020 16:23:42.143 ERROR com.mrd.controller.UserController.getByUsername - test loi
29-10-2020 16:23:42.144 ERROR com.mrd.controller.UserController.getByUsername - test loi
29-10-2020 16:23:42.144 ERROR com.mrd.controller.UserController.getByUsername - test loi
29-10-2020 16:23:42.144 ERROR com.mrd.controller.UserController.getByUsername - test loi
29-10-2020 16:23:42.144 ERROR com.mrd.controller.UserController.getByUsername - test loi
29-10-2020 16:23:42.144 ERROR com.mrd.controller.UserController.getByUsername - test loi
29-10-2020 16:23:42.144 ERROR com.mrd.controller.UserController.getByUsername - test loi
29-10-2020 16:23:42.144 ERROR com.mrd.controller.UserController.getByUsername - test loi
29-10-2020 16:23:42.144 ERROR com.mrd.controller.UserController.getByUsername - test loi
29-10-2020 16:23:42.144 ERROR com.mrd.controller.UserController.getByUsername - test loi
29-10-2020 16:23:42.144 ERROR com.mrd.controller.UserController.getByUsername - test loi
29-10-2020 16:23:42.144 ERROR com.mrd.controller.UserController.getByUsername - test loi
29-10-2020 16:23:42.145 ERROR com.mrd.controller.UserController.getByUsername - test loi
29-10-2020 16:23:42.145 ERROR com.mrd.controller.UserController.getByUsername - test loi
29-10-2020 16:23:42.145 ERROR com.mrd.controller.UserController.getByUsername - test loi
29-10-2020 16:23:42.145 ERROR com.mrd.controller.UserController.getByUsername - test loi
29-10-2020 16:23:42.145 ERROR com.mrd.controller.UserController.getByUsername - test loi
29-10-2020 16:23:42.145 ERROR com.mrd.controller.UserController.getByUsername - test loi
29-10-2020 16:23:42.145 ERROR com.mrd.controller.UserController.getByUsername - test loi
29-10-2020 16:23:42.145 ERROR com.mrd.controller.UserController.getByUsername - test loi
29-10-2020 16:23:42.145 ERROR com.mrd.controller.UserController.getByUsername - test loi
29-10-2020 16:23:42.145 ERROR com.mrd.controller.UserController.getByUsername - test loi
29-10-2020 16:23:42.145 ERROR com.mrd.controller.UserController.getByUsername - test loi
29-10-2020 16:23:42.146 ERROR com.mrd.controller.UserController.getByUsername - test loi
29-10-2020 16:23:42.146 ERROR com.mrd.controller.UserController.getByUsername - test loi
29-10-2020 16:23:42.146 ERROR com.mrd.controller.UserController.getByUsername - test loi
29-10-2020 16:23:42.146 ERROR com.mrd.controller.UserController.getByUsername - test loi
29-10-2020 16:23:42.146 ERROR com.mrd.controller.UserController.getByUsername - test loi
29-10-2020 16:23:42.146 ERROR com.mrd.controller.UserController.getByUsername - test loi
29-10-2020 16:23:42.146 ERROR com.mrd.controller.UserController.getByUsername - test loi
29-10-2020 16:23:42.146 ERROR com.mrd.controller.UserController.getByUsername - test loi
29-10-2020 16:23:42.146 ERROR com.mrd.controller.UserController.getByUsername - test loi
29-10-2020 16:23:42.146 ERROR com.mrd.controller.UserController.getByUsername - test loi
29-10-2020 16:23:42.146 ERROR com.mrd.controller.UserController.getByUsername - test loi
29-10-2020 16:23:42.146 ERROR com.mrd.controller.UserController.getByUsername - test loi
29-10-2020 16:23:42.147 ERROR com.mrd.controller.UserController.getByUsername - test loi
29-10-2020 16:23:42.147 ERROR com.mrd.controller.UserController.getByUsername - test loi
29-10-2020 16:23:42.147 ERROR com.mrd.controller.UserController.getByUsername - test loi
29-10-2020 16:23:42.147 ERROR com.mrd.controller.UserController.getByUsername - test loi
29-10-2020 16:23:42.147 ERROR com.mrd.controller.UserController.getByUsername - test loi
29-10-2020 16:23:42.147 ERROR com.mrd.controller.UserController.getByUsername - test loi
29-10-2020 16:23:42.147 ERROR com.mrd.controller.UserController.getByUsername - test loi
29-10-2020 16:23:42.148 ERROR com.mrd.controller.UserController.getByUsername - test loi
29-10-2020 16:23:42.148 ERROR com.mrd.controller.UserController.getByUsername - test loi
29-10-2020 16:23:42.148 ERROR com.mrd.controller.UserController.getByUsername - test loi
29-10-2020 16:23:42.148 ERROR com.mrd.controller.UserController.getByUsername - test loi
29-10-2020 16:23:42.148 ERROR com.mrd.controller.UserController.getByUsername - test loi
29-10-2020 16:23:42.148 ERROR com.mrd.controller.UserController.getByUsername - test loi
29-10-2020 16:23:42.148 ERROR com.mrd.controller.UserController.getByUsername - test loi
29-10-2020 16:23:42.148 ERROR com.mrd.controller.UserController.getByUsername - test loi
29-10-2020 16:23:42.148 ERROR com.mrd.controller.UserController.getByUsername - test loi
29-10-2020 16:23:42.148 ERROR com.mrd.controller.UserController.getByUsername - test loi
29-10-2020 16:23:42.148 ERROR com.mrd.controller.UserController.getByUsername - test loi
29-10-2020 16:23:42.149 ERROR com.mrd.controller.UserController.getByUsername - test loi
29-10-2020 16:23:42.149 ERROR com.mrd.controller.UserController.getByUsername - test loi
29-10-2020 16:23:42.149 ERROR com.mrd.controller.UserController.getByUsername - test loi
29-10-2020 16:23:42.149 ERROR com.mrd.controller.UserController.getByUsername - test loi
29-10-2020 16:23:42.149 ERROR com.mrd.controller.UserController.getByUsername - test loi
29-10-2020 16:23:42.149 ERROR com.mrd.controller.UserController.getByUsername - test loi
29-10-2020 16:23:42.149 ERROR com.mrd.controller.UserController.getByUsername - test loi
29-10-2020 16:23:42.149 ERROR com.mrd.controller.UserController.getByUsername - test loi
29-10-2020 16:23:42.149 ERROR com.mrd.controller.UserController.getByUsername - test loi
29-10-2020 16:23:42.149 ERROR com.mrd.controller.UserController.getByUsername - test loi
29-10-2020 16:23:42.149 ERROR com.mrd.controller.UserController.getByUsername - test loi
29-10-2020 16:23:42.150 ERROR com.mrd.controller.UserController.getByUsername - test loi
29-10-2020 16:23:42.150 ERROR com.mrd.controller.UserController.getByUsername - test loi
29-10-2020 16:23:42.150 ERROR com.mrd.controller.UserController.getByUsername - test loi
29-10-2020 16:23:42.150 ERROR com.mrd.controller.UserController.getByUsername - test loi
29-10-2020 16:23:42.150 ERROR com.mrd.controller.UserController.getByUsername - test loi
29-10-2020 16:23:42.150 ERROR com.mrd.controller.UserController.getByUsername - test loi
29-10-2020 16:23:42.150 ERROR com.mrd.controller.UserController.getByUsername - test loi
29-10-2020 16:23:42.150 ERROR com.mrd.controller.UserController.getByUsername - test loi
29-10-2020 16:23:42.150 ERROR com.mrd.controller.UserController.getByUsername - test loi
29-10-2020 16:23:42.150 ERROR com.mrd.controller.UserController.getByUsername - test loi
29-10-2020 16:23:42.151 ERROR com.mrd.controller.UserController.getByUsername - test loi
29-10-2020 16:23:42.151 ERROR com.mrd.controller.UserController.getByUsername - test loi
29-10-2020 16:23:42.151 ERROR com.mrd.controller.UserController.getByUsername - test loi
29-10-2020 16:23:42.151 ERROR com.mrd.controller.UserController.getByUsername - test loi
29-10-2020 16:23:42.151 ERROR com.mrd.controller.UserController.getByUsername - test loi
29-10-2020 16:23:42.151 ERROR com.mrd.controller.UserController.getByUsername - test loi
29-10-2020 16:23:42.151 ERROR com.mrd.controller.UserController.getByUsername - test loi
29-10-2020 16:23:42.151 ERROR com.mrd.controller.UserController.getByUsername - test loi
29-10-2020 16:23:42.151 ERROR com.mrd.controller.UserController.getByUsername - test loi
29-10-2020 16:23:42.151 ERROR com.mrd.controller.UserController.getByUsername - test loi
29-10-2020 16:23:42.151 ERROR com.mrd.controller.UserController.getByUsername - test loi
29-10-2020 16:23:42.151 ERROR com.mrd.controller.UserController.getByUsername - test loi
29-10-2020 16:23:42.152 ERROR com.mrd.controller.UserController.getByUsername - test loi
29-10-2020 16:23:42.152 ERROR com.mrd.controller.UserController.getByUsername - test loi
29-10-2020 16:23:42.152 ERROR com.mrd.controller.UserController.getByUsername - test loi
29-10-2020 16:23:42.152 ERROR com.mrd.controller.UserController.getByUsername - test loi
29-10-2020 16:23:42.152 ERROR com.mrd.controller.UserController.getByUsername - test loi
29-10-2020 16:23:42.152 ERROR com.mrd.controller.UserController.getByUsername - test loi
29-10-2020 16:23:42.152 ERROR com.mrd.controller.UserController.getByUsername - test loi
29-10-2020 16:23:42.152 ERROR com.mrd.controller.UserController.getByUsername - test loi
29-10-2020 16:23:42.152 ERROR com.mrd.controller.UserController.getByUsername - test loi
29-10-2020 16:23:42.152 ERROR com.mrd.controller.UserController.getByUsername - test loi
29-10-2020 16:23:42.152 ERROR com.mrd.controller.UserController.getByUsername - test loi
29-10-2020 16:23:42.153 ERROR com.mrd.controller.UserController.getByUsername - test loi
29-10-2020 16:23:42.153 ERROR com.mrd.controller.UserController.getByUsername - test loi
29-10-2020 16:23:42.153 ERROR com.mrd.controller.UserController.getByUsername - test loi
29-10-2020 16:23:42.153 ERROR com.mrd.controller.UserController.getByUsername - test loi
29-10-2020 16:23:42.153 ERROR com.mrd.controller.UserController.getByUsername - test loi
29-10-2020 16:23:42.153 ERROR com.mrd.controller.UserController.getByUsername - test loi
29-10-2020 16:23:42.153 ERROR com.mrd.controller.UserController.getByUsername - test loi
29-10-2020 16:23:42.153 ERROR com.mrd.controller.UserController.getByUsername - test loi
29-10-2020 16:23:42.153 ERROR com.mrd.controller.UserController.getByUsername - test loi
29-10-2020 16:23:42.153 ERROR com.mrd.controller.UserController.getByUsername - test loi
29-10-2020 16:23:42.153 ERROR com.mrd.controller.UserController.getByUsername - test loi
29-10-2020 16:23:42.154 ERROR com.mrd.controller.UserController.getByUsername - test loi
29-10-2020 16:23:42.154 ERROR com.mrd.controller.UserController.getByUsername - test loi
29-10-2020 16:23:42.154 ERROR com.mrd.controller.UserController.getByUsername - test loi
29-10-2020 16:23:42.154 ERROR com.mrd.controller.UserController.getByUsername - test loi
29-10-2020 16:23:42.154 ERROR com.mrd.controller.UserController.getByUsername - test loi
29-10-2020 16:23:42.154 ERROR com.mrd.controller.UserController.getByUsername - test loi
29-10-2020 16:23:42.154 ERROR com.mrd.controller.UserController.getByUsername - test loi
29-10-2020 16:23:42.154 ERROR com.mrd.controller.UserController.getByUsername - test loi
29-10-2020 16:23:42.154 ERROR com.mrd.controller.UserController.getByUsername - test loi
29-10-2020 16:23:42.154 ERROR com.mrd.controller.UserController.getByUsername - test loi
29-10-2020 16:23:42.154 ERROR com.mrd.controller.UserController.getByUsername - test loi
29-10-2020 16:23:42.155 ERROR com.mrd.controller.UserController.getByUsername - test loi
29-10-2020 16:23:42.155 ERROR com.mrd.controller.UserController.getByUsername - test loi
29-10-2020 16:23:42.155 ERROR com.mrd.controller.UserController.getByUsername - test loi
29-10-2020 16:23:42.155 ERROR com.mrd.controller.UserController.getByUsername - test loi
29-10-2020 16:23:42.155 ERROR com.mrd.controller.UserController.getByUsername - test loi
29-10-2020 16:23:42.155 ERROR com.mrd.controller.UserController.getByUsername - test loi
29-10-2020 16:23:42.155 ERROR com.mrd.controller.UserController.getByUsername - test loi
29-10-2020 16:23:42.155 ERROR com.mrd.controller.UserController.getByUsername - test loi
29-10-2020 16:23:42.155 ERROR com.mrd.controller.UserController.getByUsername - test loi
29-10-2020 16:23:42.155 ERROR com.mrd.controller.UserController.getByUsername - test loi
29-10-2020 16:23:42.155 ERROR com.mrd.controller.UserController.getByUsername - test loi
29-10-2020 16:23:42.155 ERROR com.mrd.controller.UserController.getByUsername - test loi
29-10-2020 16:23:42.156 ERROR com.mrd.controller.UserController.getByUsername - test loi
29-10-2020 16:23:42.156 ERROR com.mrd.controller.UserController.getByUsername - test loi
29-10-2020 16:23:42.156 ERROR com.mrd.controller.UserController.getByUsername - test loi
29-10-2020 16:23:42.156 ERROR com.mrd.controller.UserController.getByUsername - test loi
29-10-2020 16:23:42.156 ERROR com.mrd.controller.UserController.getByUsername - test loi
29-10-2020 16:23:42.156 ERROR com.mrd.controller.UserController.getByUsername - test loi
29-10-2020 16:23:42.156 ERROR com.mrd.controller.UserController.getByUsername - test loi
29-10-2020 16:23:42.156 ERROR com.mrd.controller.UserController.getByUsername - test loi
29-10-2020 16:23:42.157 ERROR com.mrd.controller.UserController.getByUsername - test loi
29-10-2020 16:23:42.157 ERROR com.mrd.controller.UserController.getByUsername - test loi
29-10-2020 16:23:42.157 ERROR com.mrd.controller.UserController.getByUsername - test loi
29-10-2020 16:23:42.157 ERROR com.mrd.controller.UserController.getByUsername - test loi
29-10-2020 16:23:42.157 ERROR com.mrd.controller.UserController.getByUsername - test loi
29-10-2020 16:23:42.157 ERROR com.mrd.controller.UserController.getByUsername - test loi
29-10-2020 16:23:42.157 ERROR com.mrd.controller.UserController.getByUsername - test loi
29-10-2020 16:23:42.157 ERROR com.mrd.controller.UserController.getByUsername - test loi
29-10-2020 16:23:42.157 ERROR com.mrd.controller.UserController.getByUsername - test loi
29-10-2020 16:23:42.158 ERROR com.mrd.controller.UserController.getByUsername - test loi
29-10-2020 16:23:42.158 ERROR com.mrd.controller.UserController.getByUsername - test loi
29-10-2020 16:23:42.158 ERROR com.mrd.controller.UserController.getByUsername - test loi
29-10-2020 16:23:42.158 ERROR com.mrd.controller.UserController.getByUsername - test loi
29-10-2020 16:23:42.158 ERROR com.mrd.controller.UserController.getByUsername - test loi
29-10-2020 16:23:42.158 ERROR com.mrd.controller.UserController.getByUsername - test loi
29-10-2020 16:23:42.158 ERROR com.mrd.controller.UserController.getByUsername - test loi
29-10-2020 16:23:42.158 ERROR com.mrd.controller.UserController.getByUsername - test loi
29-10-2020 16:23:42.158 ERROR com.mrd.controller.UserController.getByUsername - test loi
29-10-2020 16:23:42.158 ERROR com.mrd.controller.UserController.getByUsername - test loi
29-10-2020 16:23:42.158 ERROR com.mrd.controller.UserController.getByUsername - test loi
29-10-2020 16:23:42.159 ERROR com.mrd.controller.UserController.getByUsername - test loi
29-10-2020 16:23:42.159 ERROR com.mrd.controller.UserController.getByUsername - test loi
29-10-2020 16:23:42.159 ERROR com.mrd.controller.UserController.getByUsername - test loi
29-10-2020 16:23:42.159 ERROR com.mrd.controller.UserController.getByUsername - test loi
29-10-2020 16:23:42.159 ERROR com.mrd.controller.UserController.getByUsername - test loi
29-10-2020 16:23:42.159 ERROR com.mrd.controller.UserController.getByUsername - test loi
29-10-2020 16:23:42.159 ERROR com.mrd.controller.UserController.getByUsername - test loi
29-10-2020 16:23:42.160 ERROR com.mrd.controller.UserController.getByUsername - test loi
29-10-2020 16:23:42.160 ERROR com.mrd.controller.UserController.getByUsername - test loi
29-10-2020 16:23:42.160 ERROR com.mrd.controller.UserController.getByUsername - test loi
29-10-2020 16:23:42.160 ERROR com.mrd.controller.UserController.getByUsername - test loi
29-10-2020 16:23:42.160 ERROR com.mrd.controller.UserController.getByUsername - test loi
29-10-2020 16:23:42.160 ERROR com.mrd.controller.UserController.getByUsername - test loi
29-10-2020 16:23:42.160 ERROR com.mrd.controller.UserController.getByUsername - test loi
29-10-2020 16:23:42.160 ERROR com.mrd.controller.UserController.getByUsername - test loi
29-10-2020 16:23:42.160 ERROR com.mrd.controller.UserController.getByUsername - test loi
29-10-2020 16:23:42.160 ERROR com.mrd.controller.UserController.getByUsername - test loi
29-10-2020 16:23:42.161 ERROR com.mrd.controller.UserController.getByUsername - test loi
29-10-2020 16:23:42.161 ERROR com.mrd.controller.UserController.getByUsername - test loi
29-10-2020 16:23:42.161 ERROR com.mrd.controller.UserController.getByUsername - test loi
29-10-2020 16:23:42.161 ERROR com.mrd.controller.UserController.getByUsername - test loi
29-10-2020 16:23:42.161 ERROR com.mrd.controller.UserController.getByUsername - test loi
29-10-2020 16:23:42.161 ERROR com.mrd.controller.UserController.getByUsername - test loi
29-10-2020 16:23:42.161 ERROR com.mrd.controller.UserController.getByUsername - test loi
29-10-2020 16:23:42.161 ERROR com.mrd.controller.UserController.getByUsername - test loi
29-10-2020 16:23:42.161 ERROR com.mrd.controller.UserController.getByUsername - test loi
29-10-2020 16:23:42.161 ERROR com.mrd.controller.UserController.getByUsername - test loi
29-10-2020 16:23:42.162 ERROR com.mrd.controller.UserController.getByUsername - test loi
29-10-2020 16:23:42.162 ERROR com.mrd.controller.UserController.getByUsername - test loi
29-10-2020 16:23:42.162 ERROR com.mrd.controller.UserController.getByUsername - test loi
29-10-2020 16:23:42.162 ERROR com.mrd.controller.UserController.getByUsername - test loi
29-10-2020 16:23:42.162 ERROR com.mrd.controller.UserController.getByUsername - test loi
29-10-2020 16:23:42.162 ERROR com.mrd.controller.UserController.getByUsername - test loi
29-10-2020 16:23:42.162 ERROR com.mrd.controller.UserController.getByUsername - test loi
29-10-2020 16:23:42.162 ERROR com.mrd.controller.UserController.getByUsername - test loi
29-10-2020 16:23:42.162 ERROR com.mrd.controller.UserController.getByUsername - test loi
29-10-2020 16:23:42.162 ERROR com.mrd.controller.UserController.getByUsername - test loi
29-10-2020 16:23:42.162 ERROR com.mrd.controller.UserController.getByUsername - test loi
29-10-2020 16:23:42.162 ERROR com.mrd.controller.UserController.getByUsername - test loi
29-10-2020 16:23:42.163 ERROR com.mrd.controller.UserController.getByUsername - test loi
29-10-2020 16:23:42.163 ERROR com.mrd.controller.UserController.getByUsername - test loi
29-10-2020 16:23:42.163 ERROR com.mrd.controller.UserController.getByUsername - test loi
29-10-2020 16:23:42.163 ERROR com.mrd.controller.UserController.getByUsername - test loi
29-10-2020 16:23:42.163 ERROR com.mrd.controller.UserController.getByUsername - test loi
29-10-2020 16:23:42.163 ERROR com.mrd.controller.UserController.getByUsername - test loi
29-10-2020 16:23:42.163 ERROR com.mrd.controller.UserController.getByUsername - test loi
29-10-2020 16:23:42.163 ERROR com.mrd.controller.UserController.getByUsername - test loi
29-10-2020 16:23:42.164 ERROR com.mrd.controller.UserController.getByUsername - test loi
29-10-2020 16:23:42.164 ERROR com.mrd.controller.UserController.getByUsername - test loi
29-10-2020 16:23:42.164 ERROR com.mrd.controller.UserController.getByUsername - test loi
29-10-2020 16:23:42.164 ERROR com.mrd.controller.UserController.getByUsername - test loi
29-10-2020 16:23:42.164 ERROR com.mrd.controller.UserController.getByUsername - test loi
29-10-2020 16:23:42.164 ERROR com.mrd.controller.UserController.getByUsername - test loi
29-10-2020 16:23:42.164 ERROR com.mrd.controller.UserController.getByUsername - test loi
29-10-2020 16:23:42.164 ERROR com.mrd.controller.UserController.getByUsername - test loi
29-10-2020 16:23:42.164 ERROR com.mrd.controller.UserController.getByUsername - test loi
29-10-2020 16:23:42.164 ERROR com.mrd.controller.UserController.getByUsername - test loi
29-10-2020 16:23:42.164 ERROR com.mrd.controller.UserController.getByUsername - test loi
29-10-2020 16:23:42.164 ERROR com.mrd.controller.UserController.getByUsername - test loi
29-10-2020 16:23:42.165 ERROR com.mrd.controller.UserController.getByUsername - test loi
29-10-2020 16:23:42.165 ERROR com.mrd.controller.UserController.getByUsername - test loi
29-10-2020 16:23:42.165 ERROR com.mrd.controller.UserController.getByUsername - test loi
29-10-2020 16:23:42.165 ERROR com.mrd.controller.UserController.getByUsername - test loi
29-10-2020 16:23:42.165 ERROR com.mrd.controller.UserController.getByUsername - test loi
29-10-2020 16:23:42.165 ERROR com.mrd.controller.UserController.getByUsername - test loi
29-10-2020 16:23:42.165 ERROR com.mrd.controller.UserController.getByUsername - test loi
29-10-2020 16:23:42.165 ERROR com.mrd.controller.UserController.getByUsername - test loi
29-10-2020 16:23:42.165 ERROR com.mrd.controller.UserController.getByUsername - test loi
29-10-2020 16:23:42.165 ERROR com.mrd.controller.UserController.getByUsername - test loi
29-10-2020 16:23:42.166 ERROR com.mrd.controller.UserController.getByUsername - test loi
29-10-2020 16:23:42.166 ERROR com.mrd.controller.UserController.getByUsername - test loi
29-10-2020 16:23:42.166 ERROR com.mrd.controller.UserController.getByUsername - test loi
29-10-2020 16:23:42.166 ERROR com.mrd.controller.UserController.getByUsername - test loi
29-10-2020 16:23:42.166 ERROR com.mrd.controller.UserController.getByUsername - test loi
29-10-2020 16:23:42.166 ERROR com.mrd.controller.UserController.getByUsername - test loi
29-10-2020 16:23:42.166 ERROR com.mrd.controller.UserController.getByUsername - test loi
29-10-2020 16:23:42.166 ERROR com.mrd.controller.UserController.getByUsername - test loi
29-10-2020 16:23:42.166 ERROR com.mrd.controller.UserController.getByUsername - test loi
29-10-2020 16:23:42.166 ERROR com.mrd.controller.UserController.getByUsername - test loi
29-10-2020 16:23:42.166 ERROR com.mrd.controller.UserController.getByUsername - test loi
29-10-2020 16:23:42.166 ERROR com.mrd.controller.UserController.getByUsername - test loi
29-10-2020 16:23:42.167 ERROR com.mrd.controller.UserController.getByUsername - test loi
29-10-2020 16:23:42.167 ERROR com.mrd.controller.UserController.getByUsername - test loi
29-10-2020 16:23:42.167 ERROR com.mrd.controller.UserController.getByUsername - test loi
29-10-2020 16:23:42.167 ERROR com.mrd.controller.UserController.getByUsername - test loi
29-10-2020 16:23:42.167 ERROR com.mrd.controller.UserController.getByUsername - test loi
29-10-2020 16:23:42.167 ERROR com.mrd.controller.UserController.getByUsername - test loi
29-10-2020 16:23:42.167 ERROR com.mrd.controller.UserController.getByUsername - test loi
29-10-2020 16:23:42.167 ERROR com.mrd.controller.UserController.getByUsername - test loi
29-10-2020 16:23:42.167 ERROR com.mrd.controller.UserController.getByUsername - test loi
29-10-2020 16:23:42.167 ERROR com.mrd.controller.UserController.getByUsername - test loi
29-10-2020 16:23:42.168 ERROR com.mrd.controller.UserController.getByUsername - test loi
29-10-2020 16:23:42.168 ERROR com.mrd.controller.UserController.getByUsername - test loi
29-10-2020 16:23:42.168 ERROR com.mrd.controller.UserController.getByUsername - test loi
29-10-2020 16:23:42.168 ERROR com.mrd.controller.UserController.getByUsername - test loi
29-10-2020 16:23:42.168 ERROR com.mrd.controller.UserController.getByUsername - test loi
29-10-2020 16:23:42.168 ERROR com.mrd.controller.UserController.getByUsername - test loi
29-10-2020 16:23:42.168 ERROR com.mrd.controller.UserController.getByUsername - test loi
29-10-2020 16:23:42.168 ERROR com.mrd.controller.UserController.getByUsername - test loi
29-10-2020 16:23:42.168 ERROR com.mrd.controller.UserController.getByUsername - test loi
29-10-2020 16:23:42.168 ERROR com.mrd.controller.UserController.getByUsername - test loi
29-10-2020 16:23:42.168 ERROR com.mrd.controller.UserController.getByUsername - test loi
29-10-2020 16:23:42.168 ERROR com.mrd.controller.UserController.getByUsername - test loi
29-10-2020 16:23:42.169 ERROR com.mrd.controller.UserController.getByUsername - test loi
29-10-2020 16:23:42.169 ERROR com.mrd.controller.UserController.getByUsername - test loi
29-10-2020 16:23:42.169 ERROR com.mrd.controller.UserController.getByUsername - test loi
29-10-2020 16:23:42.169 ERROR com.mrd.controller.UserController.getByUsername - test loi
29-10-2020 16:23:42.169 ERROR com.mrd.controller.UserController.getByUsername - test loi
29-10-2020 16:23:42.169 ERROR com.mrd.controller.UserController.getByUsername - test loi
29-10-2020 16:23:42.169 ERROR com.mrd.controller.UserController.getByUsername - test loi
29-10-2020 16:23:42.169 ERROR com.mrd.controller.UserController.getByUsername - test loi
29-10-2020 16:23:42.169 ERROR com.mrd.controller.UserController.getByUsername - test loi
29-10-2020 16:23:42.169 ERROR com.mrd.controller.UserController.getByUsername - test loi
29-10-2020 16:23:42.170 ERROR com.mrd.controller.UserController.getByUsername - test loi
29-10-2020 16:23:42.170 ERROR com.mrd.controller.UserController.getByUsername - test loi
29-10-2020 16:23:42.170 ERROR com.mrd.controller.UserController.getByUsername - test loi
29-10-2020 16:23:42.170 ERROR com.mrd.controller.UserController.getByUsername - test loi
29-10-2020 16:23:42.170 ERROR com.mrd.controller.UserController.getByUsername - test loi
29-10-2020 16:23:42.170 ERROR com.mrd.controller.UserController.getByUsername - test loi
29-10-2020 16:23:42.170 ERROR com.mrd.controller.UserController.getByUsername - test loi
29-10-2020 16:23:42.170 ERROR com.mrd.controller.UserController.getByUsername - test loi
29-10-2020 16:23:42.170 ERROR com.mrd.controller.UserController.getByUsername - test loi
29-10-2020 16:23:42.170 ERROR com.mrd.controller.UserController.getByUsername - test loi
29-10-2020 16:23:42.171 ERROR com.mrd.controller.UserController.getByUsername - test loi
29-10-2020 16:23:42.171 ERROR com.mrd.controller.UserController.getByUsername - test loi
29-10-2020 16:23:42.171 ERROR com.mrd.controller.UserController.getByUsername - test loi
29-10-2020 16:23:42.171 ERROR com.mrd.controller.UserController.getByUsername - test loi
29-10-2020 16:23:42.171 ERROR com.mrd.controller.UserController.getByUsername - test loi
29-10-2020 16:23:42.171 ERROR com.mrd.controller.UserController.getByUsername - test loi
29-10-2020 16:23:42.171 ERROR com.mrd.controller.UserController.getByUsername - test loi
29-10-2020 16:23:42.171 ERROR com.mrd.controller.UserController.getByUsername - test loi
29-10-2020 16:23:42.171 ERROR com.mrd.controller.UserController.getByUsername - test loi
29-10-2020 16:23:42.171 ERROR com.mrd.controller.UserController.getByUsername - test loi
29-10-2020 16:23:42.171 ERROR com.mrd.controller.UserController.getByUsername - test loi
29-10-2020 16:23:42.172 ERROR com.mrd.controller.UserController.getByUsername - test loi
29-10-2020 16:23:42.172 ERROR com.mrd.controller.UserController.getByUsername - test loi
29-10-2020 16:23:42.172 ERROR com.mrd.controller.UserController.getByUsername - test loi
29-10-2020 16:23:42.172 ERROR com.mrd.controller.UserController.getByUsername - test loi
29-10-2020 16:23:42.172 ERROR com.mrd.controller.UserController.getByUsername - test loi
29-10-2020 16:23:42.172 ERROR com.mrd.controller.UserController.getByUsername - test loi
29-10-2020 16:23:42.172 ERROR com.mrd.controller.UserController.getByUsername - test loi
29-10-2020 16:23:42.172 ERROR com.mrd.controller.UserController.getByUsername - test loi
29-10-2020 16:23:42.172 ERROR com.mrd.controller.UserController.getByUsername - test loi
29-10-2020 16:23:42.172 ERROR com.mrd.controller.UserController.getByUsername - test loi
29-10-2020 16:23:42.172 ERROR com.mrd.controller.UserController.getByUsername - test loi
29-10-2020 16:23:42.173 ERROR com.mrd.controller.UserController.getByUsername - test loi
29-10-2020 16:23:42.173 ERROR com.mrd.controller.UserController.getByUsername - test loi
29-10-2020 16:23:42.173 ERROR com.mrd.controller.UserController.getByUsername - test loi
29-10-2020 16:23:42.173 ERROR com.mrd.controller.UserController.getByUsername - test loi
29-10-2020 16:23:42.173 ERROR com.mrd.controller.UserController.getByUsername - test loi
29-10-2020 16:23:42.173 ERROR com.mrd.controller.UserController.getByUsername - test loi
29-10-2020 16:23:42.173 ERROR com.mrd.controller.UserController.getByUsername - test loi
29-10-2020 16:23:42.173 ERROR com.mrd.controller.UserController.getByUsername - test loi
29-10-2020 16:23:42.173 ERROR com.mrd.controller.UserController.getByUsername - test loi
29-10-2020 16:23:42.173 ERROR com.mrd.controller.UserController.getByUsername - test loi
29-10-2020 16:23:42.173 ERROR com.mrd.controller.UserController.getByUsername - test loi
29-10-2020 16:23:42.174 ERROR com.mrd.controller.UserController.getByUsername - test loi
29-10-2020 16:23:42.174 ERROR com.mrd.controller.UserController.getByUsername - test loi
29-10-2020 16:23:42.174 ERROR com.mrd.controller.UserController.getByUsername - test loi
29-10-2020 16:23:42.174 ERROR com.mrd.controller.UserController.getByUsername - test loi
29-10-2020 16:23:42.174 ERROR com.mrd.controller.UserController.getByUsername - test loi
29-10-2020 16:23:42.174 ERROR com.mrd.controller.UserController.getByUsername - test loi
29-10-2020 16:23:42.174 ERROR com.mrd.controller.UserController.getByUsername - test loi
29-10-2020 16:23:42.175 ERROR com.mrd.controller.UserController.getByUsername - test loi
29-10-2020 16:23:42.175 ERROR com.mrd.controller.UserController.getByUsername - test loi
29-10-2020 16:23:42.175 ERROR com.mrd.controller.UserController.getByUsername - test loi
29-10-2020 16:23:42.175 ERROR com.mrd.controller.UserController.getByUsername - test loi
29-10-2020 16:23:42.175 ERROR com.mrd.controller.UserController.getByUsername - test loi
29-10-2020 16:23:42.175 ERROR com.mrd.controller.UserController.getByUsername - test loi
29-10-2020 16:23:42.175 ERROR com.mrd.controller.UserController.getByUsername - test loi
29-10-2020 16:23:42.175 ERROR com.mrd.controller.UserController.getByUsername - test loi
29-10-2020 16:23:42.175 ERROR com.mrd.controller.UserController.getByUsername - test loi
29-10-2020 16:23:42.175 ERROR com.mrd.controller.UserController.getByUsername - test loi
29-10-2020 16:23:42.175 ERROR com.mrd.controller.UserController.getByUsername - test loi
29-10-2020 16:23:42.175 ERROR com.mrd.controller.UserController.getByUsername - test loi
29-10-2020 16:23:42.176 ERROR com.mrd.controller.UserController.getByUsername - test loi
29-10-2020 16:23:42.176 ERROR com.mrd.controller.UserController.getByUsername - test loi
29-10-2020 16:23:42.176 ERROR com.mrd.controller.UserController.getByUsername - test loi
29-10-2020 16:23:42.176 ERROR com.mrd.controller.UserController.getByUsername - test loi
29-10-2020 16:23:42.176 ERROR com.mrd.controller.UserController.getByUsername - test loi
29-10-2020 16:23:42.176 ERROR com.mrd.controller.UserController.getByUsername - test loi
29-10-2020 16:23:42.176 ERROR com.mrd.controller.UserController.getByUsername - test loi
29-10-2020 16:23:42.176 ERROR com.mrd.controller.UserController.getByUsername - test loi
29-10-2020 16:23:42.176 ERROR com.mrd.controller.UserController.getByUsername - test loi
29-10-2020 16:23:42.177 ERROR com.mrd.controller.UserController.getByUsername - test loi
29-10-2020 16:23:42.177 ERROR com.mrd.controller.UserController.getByUsername - test loi
29-10-2020 16:23:42.177 ERROR com.mrd.controller.UserController.getByUsername - test loi
29-10-2020 16:23:42.177 ERROR com.mrd.controller.UserController.getByUsername - test loi
29-10-2020 16:23:42.177 ERROR com.mrd.controller.UserController.getByUsername - test loi
29-10-2020 16:23:42.177 ERROR com.mrd.controller.UserController.getByUsername - test loi
29-10-2020 16:23:42.177 ERROR com.mrd.controller.UserController.getByUsername - test loi
29-10-2020 16:23:42.177 ERROR com.mrd.controller.UserController.getByUsername - test loi
29-10-2020 16:23:42.177 ERROR com.mrd.controller.UserController.getByUsername - test loi
29-10-2020 16:23:42.177 ERROR com.mrd.controller.UserController.getByUsername - test loi
29-10-2020 16:23:42.178 ERROR com.mrd.controller.UserController.getByUsername - test loi
29-10-2020 16:23:42.178 ERROR com.mrd.controller.UserController.getByUsername - test loi
29-10-2020 16:23:42.178 ERROR com.mrd.controller.UserController.getByUsername - test loi
29-10-2020 16:23:42.178 ERROR com.mrd.controller.UserController.getByUsername - test loi
29-10-2020 16:23:42.178 ERROR com.mrd.controller.UserController.getByUsername - test loi
29-10-2020 16:23:42.178 ERROR com.mrd.controller.UserController.getByUsername - test loi
29-10-2020 16:23:42.178 ERROR com.mrd.controller.UserController.getByUsername - test loi
29-10-2020 16:23:42.178 ERROR com.mrd.controller.UserController.getByUsername - test loi
29-10-2020 16:23:42.178 ERROR com.mrd.controller.UserController.getByUsername - test loi
29-10-2020 16:23:42.178 ERROR com.mrd.controller.UserController.getByUsername - test loi
29-10-2020 16:23:42.179 ERROR com.mrd.controller.UserController.getByUsername - test loi
29-10-2020 16:23:42.179 ERROR com.mrd.controller.UserController.getByUsername - test loi
29-10-2020 16:23:42.179 ERROR com.mrd.controller.UserController.getByUsername - test loi
29-10-2020 16:23:42.179 ERROR com.mrd.controller.UserController.getByUsername - test loi
29-10-2020 16:23:42.179 ERROR com.mrd.controller.UserController.getByUsername - test loi
29-10-2020 16:23:42.179 ERROR com.mrd.controller.UserController.getByUsername - test loi
29-10-2020 16:23:42.179 ERROR com.mrd.controller.UserController.getByUsername - test loi
29-10-2020 16:23:42.179 ERROR com.mrd.controller.UserController.getByUsername - test loi
29-10-2020 16:23:42.179 ERROR com.mrd.controller.UserController.getByUsername - test loi
29-10-2020 16:23:42.179 ERROR com.mrd.controller.UserController.getByUsername - test loi
29-10-2020 16:23:42.179 ERROR com.mrd.controller.UserController.getByUsername - test loi
29-10-2020 16:23:42.180 ERROR com.mrd.controller.UserController.getByUsername - test loi
29-10-2020 16:23:42.180 ERROR com.mrd.controller.UserController.getByUsername - test loi
29-10-2020 16:23:42.180 ERROR com.mrd.controller.UserController.getByUsername - test loi
29-10-2020 16:23:42.180 ERROR com.mrd.controller.UserController.getByUsername - test loi
29-10-2020 16:23:42.180 ERROR com.mrd.controller.UserController.getByUsername - test loi
29-10-2020 16:23:42.180 ERROR com.mrd.controller.UserController.getByUsername - test loi
29-10-2020 16:23:42.180 ERROR com.mrd.controller.UserController.getByUsername - test loi
29-10-2020 16:23:42.180 ERROR com.mrd.controller.UserController.getByUsername - test loi
29-10-2020 16:23:42.180 ERROR com.mrd.controller.UserController.getByUsername - test loi
29-10-2020 16:23:42.181 ERROR com.mrd.controller.UserController.getByUsername - test loi
29-10-2020 16:23:42.181 ERROR com.mrd.controller.UserController.getByUsername - test loi
29-10-2020 16:23:42.181 ERROR com.mrd.controller.UserController.getByUsername - test loi
29-10-2020 16:23:42.181 ERROR com.mrd.controller.UserController.getByUsername - test loi
29-10-2020 16:23:42.181 ERROR com.mrd.controller.UserController.getByUsername - test loi
29-10-2020 16:23:42.181 ERROR com.mrd.controller.UserController.getByUsername - test loi
29-10-2020 16:23:42.181 ERROR com.mrd.controller.UserController.getByUsername - test loi
29-10-2020 16:23:42.181 ERROR com.mrd.controller.UserController.getByUsername - test loi
29-10-2020 16:23:42.181 ERROR com.mrd.controller.UserController.getByUsername - test loi
29-10-2020 16:23:42.181 ERROR com.mrd.controller.UserController.getByUsername - test loi
29-10-2020 16:23:42.181 ERROR com.mrd.controller.UserController.getByUsername - test loi
29-10-2020 16:23:42.182 ERROR com.mrd.controller.UserController.getByUsername - test loi
29-10-2020 16:23:42.182 ERROR com.mrd.controller.UserController.getByUsername - test loi
29-10-2020 16:23:42.182 ERROR com.mrd.controller.UserController.getByUsername - test loi
29-10-2020 16:23:42.182 ERROR com.mrd.controller.UserController.getByUsername - test loi
29-10-2020 16:23:42.182 ERROR com.mrd.controller.UserController.getByUsername - test loi
29-10-2020 16:23:42.182 ERROR com.mrd.controller.UserController.getByUsername - test loi
29-10-2020 16:23:42.182 ERROR com.mrd.controller.UserController.getByUsername - test loi
29-10-2020 16:23:42.182 ERROR com.mrd.controller.UserController.getByUsername - test loi
29-10-2020 16:23:42.182 ERROR com.mrd.controller.UserController.getByUsername - test loi
29-10-2020 16:23:42.182 ERROR com.mrd.controller.UserController.getByUsername - test loi
29-10-2020 16:23:42.182 ERROR com.mrd.controller.UserController.getByUsername - test loi
29-10-2020 16:23:42.183 ERROR com.mrd.controller.UserController.getByUsername - test loi
29-10-2020 16:23:42.183 ERROR com.mrd.controller.UserController.getByUsername - test loi
29-10-2020 16:23:42.183 ERROR com.mrd.controller.UserController.getByUsername - test loi
29-10-2020 16:23:42.183 ERROR com.mrd.controller.UserController.getByUsername - test loi
29-10-2020 16:23:42.183 ERROR com.mrd.controller.UserController.getByUsername - test loi
29-10-2020 16:23:42.183 ERROR com.mrd.controller.UserController.getByUsername - test loi
29-10-2020 16:23:42.183 ERROR com.mrd.controller.UserController.getByUsername - test loi
29-10-2020 16:23:42.183 ERROR com.mrd.controller.UserController.getByUsername - test loi
29-10-2020 16:23:42.183 ERROR com.mrd.controller.UserController.getByUsername - test loi
29-10-2020 16:23:42.183 ERROR com.mrd.controller.UserController.getByUsername - test loi
29-10-2020 16:23:42.183 ERROR com.mrd.controller.UserController.getByUsername - test loi
29-10-2020 16:23:42.184 ERROR com.mrd.controller.UserController.getByUsername - test loi
29-10-2020 16:23:42.184 ERROR com.mrd.controller.UserController.getByUsername - test loi
29-10-2020 16:23:42.184 ERROR com.mrd.controller.UserController.getByUsername - test loi
29-10-2020 16:23:42.184 ERROR com.mrd.controller.UserController.getByUsername - test loi
29-10-2020 16:23:42.184 ERROR com.mrd.controller.UserController.getByUsername - test loi
29-10-2020 16:23:42.184 ERROR com.mrd.controller.UserController.getByUsername - test loi
29-10-2020 16:23:42.184 ERROR com.mrd.controller.UserController.getByUsername - test loi
29-10-2020 16:23:42.184 ERROR com.mrd.controller.UserController.getByUsername - test loi
29-10-2020 16:23:42.184 ERROR com.mrd.controller.UserController.getByUsername - test loi
29-10-2020 16:23:42.184 ERROR com.mrd.controller.UserController.getByUsername - test loi
29-10-2020 16:23:42.184 ERROR com.mrd.controller.UserController.getByUsername - test loi
29-10-2020 16:23:42.185 ERROR com.mrd.controller.UserController.getByUsername - test loi
29-10-2020 16:23:42.185 ERROR com.mrd.controller.UserController.getByUsername - test loi
29-10-2020 16:23:42.185 ERROR com.mrd.controller.UserController.getByUsername - test loi
29-10-2020 16:23:42.185 ERROR com.mrd.controller.UserController.getByUsername - test loi
29-10-2020 16:23:42.185 ERROR com.mrd.controller.UserController.getByUsername - test loi
29-10-2020 16:23:42.185 ERROR com.mrd.controller.UserController.getByUsername - test loi
29-10-2020 16:23:42.185 ERROR com.mrd.controller.UserController.getByUsername - test loi
29-10-2020 16:23:42.185 ERROR com.mrd.controller.UserController.getByUsername - test loi
29-10-2020 16:23:42.185 ERROR com.mrd.controller.UserController.getByUsername - test loi
29-10-2020 16:23:42.185 ERROR com.mrd.controller.UserController.getByUsername - test loi
29-10-2020 16:23:42.185 ERROR com.mrd.controller.UserController.getByUsername - test loi
29-10-2020 16:23:42.185 ERROR com.mrd.controller.UserController.getByUsername - test loi
29-10-2020 16:23:42.186 ERROR com.mrd.controller.UserController.getByUsername - test loi
29-10-2020 16:23:42.186 ERROR com.mrd.controller.UserController.getByUsername - test loi
29-10-2020 16:23:42.186 ERROR com.mrd.controller.UserController.getByUsername - test loi
29-10-2020 16:23:42.186 ERROR com.mrd.controller.UserController.getByUsername - test loi
29-10-2020 16:23:42.186 ERROR com.mrd.controller.UserController.getByUsername - test loi
29-10-2020 16:23:42.186 ERROR com.mrd.controller.UserController.getByUsername - test loi
29-10-2020 16:23:42.186 ERROR com.mrd.controller.UserController.getByUsername - test loi
29-10-2020 16:23:42.186 ERROR com.mrd.controller.UserController.getByUsername - test loi
29-10-2020 16:23:42.186 ERROR com.mrd.controller.UserController.getByUsername - test loi
29-10-2020 16:23:42.186 ERROR com.mrd.controller.UserController.getByUsername - test loi
29-10-2020 16:23:42.187 ERROR com.mrd.controller.UserController.getByUsername - test loi
29-10-2020 16:23:42.187 ERROR com.mrd.controller.UserController.getByUsername - test loi
29-10-2020 16:23:42.187 ERROR com.mrd.controller.UserController.getByUsername - test loi
29-10-2020 16:23:42.187 ERROR com.mrd.controller.UserController.getByUsername - test loi
29-10-2020 16:23:42.187 ERROR com.mrd.controller.UserController.getByUsername - test loi
29-10-2020 16:23:42.187 ERROR com.mrd.controller.UserController.getByUsername - test loi
29-10-2020 16:23:42.187 ERROR com.mrd.controller.UserController.getByUsername - test loi
29-10-2020 16:23:42.187 ERROR com.mrd.controller.UserController.getByUsername - test loi
29-10-2020 16:23:42.187 ERROR com.mrd.controller.UserController.getByUsername - test loi
29-10-2020 16:23:42.187 ERROR com.mrd.controller.UserController.getByUsername - test loi
29-10-2020 16:23:42.187 ERROR com.mrd.controller.UserController.getByUsername - test loi
29-10-2020 16:23:42.187 ERROR com.mrd.controller.UserController.getByUsername - test loi
29-10-2020 16:23:42.188 ERROR com.mrd.controller.UserController.getByUsername - test loi
29-10-2020 16:23:42.188 ERROR com.mrd.controller.UserController.getByUsername - test loi
29-10-2020 16:23:42.188 ERROR com.mrd.controller.UserController.getByUsername - test loi
29-10-2020 16:23:42.188 ERROR com.mrd.controller.UserController.getByUsername - test loi
29-10-2020 16:23:42.188 ERROR com.mrd.controller.UserController.getByUsername - test loi
29-10-2020 16:23:42.188 ERROR com.mrd.controller.UserController.getByUsername - test loi
29-10-2020 16:23:42.188 ERROR com.mrd.controller.UserController.getByUsername - test loi
29-10-2020 16:23:42.188 ERROR com.mrd.controller.UserController.getByUsername - test loi
29-10-2020 16:23:42.188 ERROR com.mrd.controller.UserController.getByUsername - test loi
29-10-2020 16:23:42.188 ERROR com.mrd.controller.UserController.getByUsername - test loi
29-10-2020 16:23:42.189 ERROR com.mrd.controller.UserController.getByUsername - test loi
29-10-2020 16:23:42.189 ERROR com.mrd.controller.UserController.getByUsername - test loi
29-10-2020 16:23:42.189 ERROR com.mrd.controller.UserController.getByUsername - test loi
29-10-2020 16:23:42.189 ERROR com.mrd.controller.UserController.getByUsername - test loi
29-10-2020 16:23:42.189 ERROR com.mrd.controller.UserController.getByUsername - test loi
29-10-2020 16:23:42.189 ERROR com.mrd.controller.UserController.getByUsername - test loi
29-10-2020 16:23:42.189 ERROR com.mrd.controller.UserController.getByUsername - test loi
29-10-2020 16:23:42.189 ERROR com.mrd.controller.UserController.getByUsername - test loi
29-10-2020 16:23:42.189 ERROR com.mrd.controller.UserController.getByUsername - test loi
29-10-2020 16:23:42.189 ERROR com.mrd.controller.UserController.getByUsername - test loi
29-10-2020 16:23:42.189 ERROR com.mrd.controller.UserController.getByUsername - test loi
29-10-2020 16:23:42.189 ERROR com.mrd.controller.UserController.getByUsername - test loi
29-10-2020 16:23:42.250 ERROR com.mrd.controller.UserController.getByUsername - java.lang.ArithmeticException: / by zero
